{"/home/runner/work/grepwise/grepwise/frontend/postcss.config.js": {"path":"/home/runner/work/grepwise/grepwise/frontend/postcss.config.js","all":true,"statementMap":{"0":{"start":{"line":1,"column":0},"end":{"line":1,"column":16}},"1":{"start":{"line":2,"column":0},"end":{"line":2,"column":12}},"2":{"start":{"line":3,"column":0},"end":{"line":3,"column":20}},"3":{"start":{"line":4,"column":0},"end":{"line":4,"column":21}},"4":{"start":{"line":5,"column":0},"end":{"line":5,"column":4}},"5":{"start":{"line":6,"column":0},"end":{"line":6,"column":2}}},"s":{"0":0,"1":0,"2":0,"3":0,"4":0,"5":0},"branchMap":{"0":{"type":"branch","line":1,"loc":{"start":{"line":1,"column":0},"end":{"line":6,"column":-11}},"locations":[{"start":{"line":1,"column":0},"end":{"line":6,"column":-11}}]}},"b":{"0":[0]},"fnMap":{"0":{"name":"(empty-report)","decl":{"start":{"line":1,"column":0},"end":{"line":6,"column":-11}},"loc":{"start":{"line":1,"column":0},"end":{"line":6,"column":-11}},"line":1}},"f":{"0":0}}
,"/home/runner/work/grepwise/grepwise/frontend/protoc.cjs": {"path":"/home/runner/work/grepwise/grepwise/frontend/protoc.cjs","all":true,"statementMap":{"0":{"start":{"line":1,"column":0},"end":{"line":1,"column":65}},"1":{"start":{"line":2,"column":0},"end":{"line":2,"column":46}},"2":{"start":{"line":3,"column":0},"end":{"line":3,"column":25}},"3":{"start":{"line":4,"column":0},"end":{"line":4,"column":29}},"4":{"start":{"line":5,"column":0},"end":{"line":5,"column":0}},"5":{"start":{"line":6,"column":0},"end":{"line":6,"column":41}},"6":{"start":{"line":7,"column":0},"end":{"line":7,"column":56}},"7":{"start":{"line":8,"column":0},"end":{"line":8,"column":29}},"8":{"start":{"line":9,"column":0},"end":{"line":9,"column":44}},"9":{"start":{"line":10,"column":0},"end":{"line":10,"column":1}},"10":{"start":{"line":11,"column":0},"end":{"line":11,"column":0}},"11":{"start":{"line":12,"column":0},"end":{"line":12,"column":56}},"12":{"start":{"line":13,"column":0},"end":{"line":13,"column":47}},"13":{"start":{"line":14,"column":0},"end":{"line":14,"column":52}},"14":{"start":{"line":15,"column":0},"end":{"line":15,"column":42}},"15":{"start":{"line":16,"column":0},"end":{"line":16,"column":0}},"16":{"start":{"line":17,"column":0},"end":{"line":17,"column":25}},"17":{"start":{"line":18,"column":0},"end":{"line":18,"column":20}},"18":{"start":{"line":19,"column":0},"end":{"line":19,"column":39}},"19":{"start":{"line":20,"column":0},"end":{"line":20,"column":41}},"20":{"start":{"line":21,"column":0},"end":{"line":21,"column":40}},"21":{"start":{"line":22,"column":0},"end":{"line":22,"column":2}},"22":{"start":{"line":23,"column":0},"end":{"line":23,"column":0}},"23":{"start":{"line":24,"column":0},"end":{"line":24,"column":81}},"24":{"start":{"line":25,"column":0},"end":{"line":25,"column":26}},"25":{"start":{"line":26,"column":0},"end":{"line":26,"column":41}},"26":{"start":{"line":27,"column":0},"end":{"line":27,"column":57}},"27":{"start":{"line":28,"column":0},"end":{"line":28,"column":69}},"28":{"start":{"line":29,"column":0},"end":{"line":29,"column":1}},"29":{"start":{"line":30,"column":0},"end":{"line":30,"column":0}},"30":{"start":{"line":31,"column":0},"end":{"line":31,"column":47}},"31":{"start":{"line":32,"column":0},"end":{"line":32,"column":35}},"32":{"start":{"line":33,"column":0},"end":{"line":33,"column":52}},"33":{"start":{"line":34,"column":0},"end":{"line":34,"column":43}},"34":{"start":{"line":35,"column":0},"end":{"line":35,"column":0}},"35":{"start":{"line":36,"column":0},"end":{"line":36,"column":64}},"36":{"start":{"line":37,"column":0},"end":{"line":37,"column":0}},"37":{"start":{"line":38,"column":0},"end":{"line":38,"column":7}},"38":{"start":{"line":39,"column":0},"end":{"line":39,"column":80}},"39":{"start":{"line":40,"column":0},"end":{"line":40,"column":0}},"40":{"start":{"line":41,"column":0},"end":{"line":41,"column":50}},"41":{"start":{"line":42,"column":0},"end":{"line":42,"column":17}},"42":{"start":{"line":43,"column":0},"end":{"line":43,"column":15}},"43":{"start":{"line":44,"column":0},"end":{"line":44,"column":56}},"44":{"start":{"line":45,"column":0},"end":{"line":45,"column":74}},"45":{"start":{"line":46,"column":0},"end":{"line":46,"column":25}},"46":{"start":{"line":47,"column":0},"end":{"line":47,"column":23}},"47":{"start":{"line":48,"column":0},"end":{"line":48,"column":16}},"48":{"start":{"line":49,"column":0},"end":{"line":49,"column":0}},"49":{"start":{"line":50,"column":0},"end":{"line":50,"column":40}},"50":{"start":{"line":51,"column":0},"end":{"line":51,"column":0}},"51":{"start":{"line":52,"column":0},"end":{"line":52,"column":75}},"52":{"start":{"line":53,"column":0},"end":{"line":53,"column":19}},"53":{"start":{"line":54,"column":0},"end":{"line":54,"column":87}},"54":{"start":{"line":55,"column":0},"end":{"line":55,"column":20}},"55":{"start":{"line":56,"column":0},"end":{"line":56,"column":3}},"56":{"start":{"line":57,"column":0},"end":{"line":57,"column":3}},"57":{"start":{"line":58,"column":0},"end":{"line":58,"column":0}},"58":{"start":{"line":59,"column":0},"end":{"line":59,"column":66}}},"s":{"0":0,"1":0,"2":0,"3":0,"4":0,"5":0,"6":0,"7":0,"8":0,"9":0,"10":0,"11":0,"12":0,"13":0,"14":0,"15":0,"16":0,"17":0,"18":0,"19":0,"20":0,"21":0,"22":0,"23":0,"24":0,"25":0,"26":0,"27":0,"28":0,"29":0,"30":0,"31":0,"32":0,"33":0,"34":0,"35":0,"36":0,"37":0,"38":0,"39":0,"40":0,"41":0,"42":0,"43":0,"44":0,"45":0,"46":0,"47":0,"48":0,"49":0,"50":0,"51":0,"52":0,"53":0,"54":0,"55":0,"56":0,"57":0,"58":0},"branchMap":{"0":{"type":"branch","line":1,"loc":{"start":{"line":1,"column":1950},"end":{"line":59,"column":66}},"locations":[{"start":{"line":1,"column":1950},"end":{"line":59,"column":66}}]}},"b":{"0":[0]},"fnMap":{"0":{"name":"(empty-report)","decl":{"start":{"line":1,"column":1950},"end":{"line":59,"column":66}},"loc":{"start":{"line":1,"column":1950},"end":{"line":59,"column":66}},"line":1}},"f":{"0":0}}
,"/home/runner/work/grepwise/grepwise/frontend/tailwind.config.js": {"path":"/home/runner/work/grepwise/grepwise/frontend/tailwind.config.js","all":true,"statementMap":{"0":{"start":{"line":1,"column":0},"end":{"line":1,"column":43}},"1":{"start":{"line":2,"column":0},"end":{"line":2,"column":18}},"2":{"start":{"line":3,"column":0},"end":{"line":3,"column":22}},"3":{"start":{"line":4,"column":0},"end":{"line":4,"column":113}},"4":{"start":{"line":5,"column":0},"end":{"line":5,"column":10}},"5":{"start":{"line":6,"column":0},"end":{"line":6,"column":16}},"6":{"start":{"line":7,"column":0},"end":{"line":7,"column":19}},"7":{"start":{"line":8,"column":0},"end":{"line":8,"column":22}},"8":{"start":{"line":9,"column":0},"end":{"line":9,"column":16}},"9":{"start":{"line":10,"column":0},"end":{"line":10,"column":24}},"10":{"start":{"line":11,"column":0},"end":{"line":11,"column":8}},"11":{"start":{"line":12,"column":0},"end":{"line":12,"column":6}},"12":{"start":{"line":13,"column":0},"end":{"line":13,"column":13}},"13":{"start":{"line":14,"column":0},"end":{"line":14,"column":15}},"14":{"start":{"line":15,"column":0},"end":{"line":15,"column":37}},"15":{"start":{"line":16,"column":0},"end":{"line":16,"column":35}},"16":{"start":{"line":17,"column":0},"end":{"line":17,"column":33}},"17":{"start":{"line":18,"column":0},"end":{"line":18,"column":45}},"18":{"start":{"line":19,"column":0},"end":{"line":19,"column":45}},"19":{"start":{"line":20,"column":0},"end":{"line":20,"column":18}},"20":{"start":{"line":21,"column":0},"end":{"line":21,"column":41}},"21":{"start":{"line":22,"column":0},"end":{"line":22,"column":55}},"22":{"start":{"line":23,"column":0},"end":{"line":23,"column":10}},"23":{"start":{"line":24,"column":0},"end":{"line":24,"column":20}},"24":{"start":{"line":25,"column":0},"end":{"line":25,"column":43}},"25":{"start":{"line":26,"column":0},"end":{"line":26,"column":57}},"26":{"start":{"line":27,"column":0},"end":{"line":27,"column":10}},"27":{"start":{"line":28,"column":0},"end":{"line":28,"column":22}},"28":{"start":{"line":29,"column":0},"end":{"line":29,"column":45}},"29":{"start":{"line":30,"column":0},"end":{"line":30,"column":59}},"30":{"start":{"line":31,"column":0},"end":{"line":31,"column":10}},"31":{"start":{"line":32,"column":0},"end":{"line":32,"column":16}},"32":{"start":{"line":33,"column":0},"end":{"line":33,"column":39}},"33":{"start":{"line":34,"column":0},"end":{"line":34,"column":53}},"34":{"start":{"line":35,"column":0},"end":{"line":35,"column":10}},"35":{"start":{"line":36,"column":0},"end":{"line":36,"column":17}},"36":{"start":{"line":37,"column":0},"end":{"line":37,"column":40}},"37":{"start":{"line":38,"column":0},"end":{"line":38,"column":54}},"38":{"start":{"line":39,"column":0},"end":{"line":39,"column":10}},"39":{"start":{"line":40,"column":0},"end":{"line":40,"column":18}},"40":{"start":{"line":41,"column":0},"end":{"line":41,"column":41}},"41":{"start":{"line":42,"column":0},"end":{"line":42,"column":55}},"42":{"start":{"line":43,"column":0},"end":{"line":43,"column":10}},"43":{"start":{"line":44,"column":0},"end":{"line":44,"column":15}},"44":{"start":{"line":45,"column":0},"end":{"line":45,"column":38}},"45":{"start":{"line":46,"column":0},"end":{"line":46,"column":52}},"46":{"start":{"line":47,"column":0},"end":{"line":47,"column":10}},"47":{"start":{"line":48,"column":0},"end":{"line":48,"column":8}},"48":{"start":{"line":49,"column":0},"end":{"line":49,"column":21}},"49":{"start":{"line":50,"column":0},"end":{"line":50,"column":28}},"50":{"start":{"line":51,"column":0},"end":{"line":51,"column":40}},"51":{"start":{"line":52,"column":0},"end":{"line":52,"column":40}},"52":{"start":{"line":53,"column":0},"end":{"line":53,"column":8}},"53":{"start":{"line":54,"column":0},"end":{"line":54,"column":18}},"54":{"start":{"line":55,"column":0},"end":{"line":55,"column":27}},"55":{"start":{"line":56,"column":0},"end":{"line":56,"column":30}},"56":{"start":{"line":57,"column":0},"end":{"line":57,"column":66}},"57":{"start":{"line":58,"column":0},"end":{"line":58,"column":10}},"58":{"start":{"line":59,"column":0},"end":{"line":59,"column":25}},"59":{"start":{"line":60,"column":0},"end":{"line":60,"column":68}},"60":{"start":{"line":61,"column":0},"end":{"line":61,"column":28}},"61":{"start":{"line":62,"column":0},"end":{"line":62,"column":10}},"62":{"start":{"line":63,"column":0},"end":{"line":63,"column":8}},"63":{"start":{"line":64,"column":0},"end":{"line":64,"column":18}},"64":{"start":{"line":65,"column":0},"end":{"line":65,"column":57}},"65":{"start":{"line":66,"column":0},"end":{"line":66,"column":53}},"66":{"start":{"line":67,"column":0},"end":{"line":67,"column":8}},"67":{"start":{"line":68,"column":0},"end":{"line":68,"column":6}},"68":{"start":{"line":69,"column":0},"end":{"line":69,"column":4}},"69":{"start":{"line":70,"column":0},"end":{"line":70,"column":44}},"70":{"start":{"line":71,"column":0},"end":{"line":71,"column":2}}},"s":{"0":0,"1":0,"2":0,"3":0,"4":0,"5":0,"6":0,"7":0,"8":0,"9":0,"10":0,"11":0,"12":0,"13":0,"14":0,"15":0,"16":0,"17":0,"18":0,"19":0,"20":0,"21":0,"22":0,"23":0,"24":0,"25":0,"26":0,"27":0,"28":0,"29":0,"30":0,"31":0,"32":0,"33":0,"34":0,"35":0,"36":0,"37":0,"38":0,"39":0,"40":0,"41":0,"42":0,"43":0,"44":0,"45":0,"46":0,"47":0,"48":0,"49":0,"50":0,"51":0,"52":0,"53":0,"54":0,"55":0,"56":0,"57":0,"58":0,"59":0,"60":0,"61":0,"62":0,"63":0,"64":0,"65":0,"66":0,"67":0,"68":0,"69":0,"70":0},"branchMap":{"0":{"type":"branch","line":1,"loc":{"start":{"line":1,"column":2105},"end":{"line":71,"column":2}},"locations":[{"start":{"line":1,"column":2105},"end":{"line":71,"column":2}}]}},"b":{"0":[0]},"fnMap":{"0":{"name":"(empty-report)","decl":{"start":{"line":1,"column":2105},"end":{"line":71,"column":2}},"loc":{"start":{"line":1,"column":2105},"end":{"line":71,"column":2}},"line":1}},"f":{"0":0}}
,"/home/runner/work/grepwise/grepwise/frontend/src/App.tsx": {"path":"/home/runner/work/grepwise/grepwise/frontend/src/App.tsx","all":false,"statementMap":{"0":{"start":{"line":1,"column":0},"end":{"line":1,"column":59}},"1":{"start":{"line":2,"column":0},"end":{"line":2,"column":50}},"2":{"start":{"line":3,"column":0},"end":{"line":3,"column":42}},"3":{"start":{"line":4,"column":0},"end":{"line":4,"column":41}},"4":{"start":{"line":5,"column":0},"end":{"line":5,"column":38}},"5":{"start":{"line":6,"column":0},"end":{"line":6,"column":40}},"6":{"start":{"line":7,"column":0},"end":{"line":7,"column":40}},"7":{"start":{"line":8,"column":0},"end":{"line":8,"column":59}},"8":{"start":{"line":9,"column":0},"end":{"line":9,"column":44}},"9":{"start":{"line":10,"column":0},"end":{"line":10,"column":48}},"10":{"start":{"line":11,"column":0},"end":{"line":11,"column":51}},"11":{"start":{"line":12,"column":0},"end":{"line":12,"column":38}},"12":{"start":{"line":13,"column":0},"end":{"line":13,"column":48}},"13":{"start":{"line":14,"column":0},"end":{"line":14,"column":45}},"14":{"start":{"line":15,"column":0},"end":{"line":15,"column":38}},"15":{"start":{"line":16,"column":0},"end":{"line":16,"column":59}},"17":{"start":{"line":18,"column":0},"end":{"line":18,"column":44}},"19":{"start":{"line":20,"column":0},"end":{"line":20,"column":16}},"20":{"start":{"line":21,"column":0},"end":{"line":21,"column":96}},"21":{"start":{"line":22,"column":0},"end":{"line":22,"column":34}},"22":{"start":{"line":23,"column":0},"end":{"line":23,"column":56}},"23":{"start":{"line":24,"column":0},"end":{"line":24,"column":69}},"24":{"start":{"line":25,"column":0},"end":{"line":25,"column":29}},"25":{"start":{"line":26,"column":0},"end":{"line":26,"column":41}},"26":{"start":{"line":27,"column":0},"end":{"line":27,"column":25}},"27":{"start":{"line":28,"column":0},"end":{"line":28,"column":9}},"28":{"start":{"line":29,"column":0},"end":{"line":29,"column":46}},"30":{"start":{"line":31,"column":0},"end":{"line":31,"column":19}},"31":{"start":{"line":32,"column":0},"end":{"line":32,"column":78}},"32":{"start":{"line":33,"column":0},"end":{"line":33,"column":61}},"33":{"start":{"line":34,"column":0},"end":{"line":34,"column":47}},"34":{"start":{"line":35,"column":0},"end":{"line":35,"column":18}},"35":{"start":{"line":36,"column":0},"end":{"line":36,"column":66}},"36":{"start":{"line":37,"column":0},"end":{"line":37,"column":52}},"37":{"start":{"line":38,"column":0},"end":{"line":38,"column":6}},"38":{"start":{"line":39,"column":0},"end":{"line":39,"column":9}},"40":{"start":{"line":41,"column":0},"end":{"line":41,"column":10}},"41":{"start":{"line":42,"column":0},"end":{"line":42,"column":6}},"42":{"start":{"line":43,"column":0},"end":{"line":43,"column":14}},"44":{"start":{"line":45,"column":0},"end":{"line":45,"column":104}},"47":{"start":{"line":48,"column":0},"end":{"line":48,"column":36}},"48":{"start":{"line":49,"column":0},"end":{"line":49,"column":106}},"49":{"start":{"line":50,"column":0},"end":{"line":50,"column":112}},"50":{"start":{"line":51,"column":0},"end":{"line":51,"column":120}},"51":{"start":{"line":52,"column":0},"end":{"line":52,"column":16}},"52":{"start":{"line":53,"column":0},"end":{"line":53,"column":34}},"53":{"start":{"line":54,"column":0},"end":{"line":54,"column":92}},"54":{"start":{"line":55,"column":0},"end":{"line":55,"column":12}},"55":{"start":{"line":56,"column":0},"end":{"line":56,"column":112}},"56":{"start":{"line":57,"column":0},"end":{"line":57,"column":16}},"57":{"start":{"line":58,"column":0},"end":{"line":58,"column":36}},"58":{"start":{"line":59,"column":0},"end":{"line":59,"column":98}},"59":{"start":{"line":60,"column":0},"end":{"line":60,"column":12}},"60":{"start":{"line":61,"column":0},"end":{"line":61,"column":164}},"61":{"start":{"line":62,"column":0},"end":{"line":62,"column":120}},"62":{"start":{"line":63,"column":0},"end":{"line":63,"column":158}},"63":{"start":{"line":64,"column":0},"end":{"line":64,"column":158}},"64":{"start":{"line":65,"column":0},"end":{"line":65,"column":178}},"67":{"start":{"line":68,"column":0},"end":{"line":68,"column":55}},"68":{"start":{"line":69,"column":0},"end":{"line":69,"column":16}},"69":{"start":{"line":70,"column":0},"end":{"line":70,"column":15}},"72":{"start":{"line":73,"column":0},"end":{"line":73,"column":17}},"73":{"start":{"line":74,"column":0},"end":{"line":74,"column":7}},"75":{"start":{"line":76,"column":0},"end":{"line":76,"column":1}},"77":{"start":{"line":78,"column":0},"end":{"line":78,"column":19}}},"s":{"0":1,"1":1,"2":1,"3":1,"4":1,"5":1,"6":1,"7":1,"8":1,"9":1,"10":1,"11":1,"12":1,"13":1,"14":1,"15":1,"17":1,"19":1,"20":1,"21":1,"22":1,"23":1,"24":0,"25":1,"26":0,"27":1,"28":1,"30":1,"31":1,"32":1,"33":1,"34":1,"35":1,"36":1,"37":1,"38":1,"40":1,"41":1,"42":1,"44":1,"47":1,"48":1,"49":1,"50":1,"51":1,"52":1,"53":1,"54":1,"55":1,"56":1,"57":1,"58":1,"59":1,"60":1,"61":1,"62":1,"63":1,"64":1,"67":1,"68":1,"69":1,"72":1,"73":1,"75":1,"77":1},"branchMap":{"0":{"type":"branch","line":20,"loc":{"start":{"line":20,"column":0},"end":{"line":76,"column":1}},"locations":[{"start":{"line":20,"column":0},"end":{"line":76,"column":1}}]},"1":{"type":"branch","line":21,"loc":{"start":{"line":21,"column":68},"end":{"line":21,"column":90}},"locations":[{"start":{"line":21,"column":68},"end":{"line":21,"column":90}}]},"2":{"type":"branch","line":23,"loc":{"start":{"line":23,"column":36},"end":{"line":23,"column":51}},"locations":[{"start":{"line":23,"column":36},"end":{"line":23,"column":51}}]},"3":{"type":"branch","line":24,"loc":{"start":{"line":24,"column":45},"end":{"line":24,"column":68}},"locations":[{"start":{"line":24,"column":45},"end":{"line":24,"column":68}}]},"4":{"type":"branch","line":24,"loc":{"start":{"line":24,"column":68},"end":{"line":25,"column":29}},"locations":[{"start":{"line":24,"column":68},"end":{"line":25,"column":29}}]},"5":{"type":"branch","line":26,"loc":{"start":{"line":26,"column":21},"end":{"line":26,"column":40}},"locations":[{"start":{"line":26,"column":21},"end":{"line":26,"column":40}}]},"6":{"type":"branch","line":26,"loc":{"start":{"line":26,"column":40},"end":{"line":27,"column":25}},"locations":[{"start":{"line":26,"column":40},"end":{"line":27,"column":25}}]},"7":{"type":"branch","line":45,"loc":{"start":{"line":45,"column":68},"end":{"line":45,"column":102}},"locations":[{"start":{"line":45,"column":68},"end":{"line":45,"column":102}}]},"8":{"type":"branch","line":49,"loc":{"start":{"line":49,"column":35},"end":{"line":49,"column":70}},"locations":[{"start":{"line":49,"column":35},"end":{"line":49,"column":70}}]},"9":{"type":"branch","line":50,"loc":{"start":{"line":50,"column":41},"end":{"line":50,"column":76}},"locations":[{"start":{"line":50,"column":41},"end":{"line":50,"column":76}}]},"10":{"type":"branch","line":51,"loc":{"start":{"line":51,"column":45},"end":{"line":51,"column":84}},"locations":[{"start":{"line":51,"column":45},"end":{"line":51,"column":84}}]},"11":{"type":"branch","line":54,"loc":{"start":{"line":54,"column":21},"end":{"line":54,"column":59}},"locations":[{"start":{"line":54,"column":21},"end":{"line":54,"column":59}}]},"12":{"type":"branch","line":56,"loc":{"start":{"line":56,"column":41},"end":{"line":56,"column":76}},"locations":[{"start":{"line":56,"column":41},"end":{"line":56,"column":76}}]},"13":{"type":"branch","line":59,"loc":{"start":{"line":59,"column":21},"end":{"line":59,"column":65}},"locations":[{"start":{"line":59,"column":21},"end":{"line":59,"column":65}}]},"14":{"type":"branch","line":61,"loc":{"start":{"line":61,"column":43},"end":{"line":61,"column":128}},"locations":[{"start":{"line":61,"column":43},"end":{"line":61,"column":128}}]},"15":{"type":"branch","line":62,"loc":{"start":{"line":62,"column":45},"end":{"line":62,"column":84}},"locations":[{"start":{"line":62,"column":45},"end":{"line":62,"column":84}}]},"16":{"type":"branch","line":63,"loc":{"start":{"line":63,"column":40},"end":{"line":63,"column":122}},"locations":[{"start":{"line":63,"column":40},"end":{"line":63,"column":122}}]},"17":{"type":"branch","line":64,"loc":{"start":{"line":64,"column":40},"end":{"line":64,"column":122}},"locations":[{"start":{"line":64,"column":40},"end":{"line":64,"column":122}}]},"18":{"type":"branch","line":65,"loc":{"start":{"line":65,"column":50},"end":{"line":65,"column":142}},"locations":[{"start":{"line":65,"column":50},"end":{"line":65,"column":142}}]},"19":{"type":"branch","line":31,"loc":{"start":{"line":31,"column":12},"end":{"line":39,"column":5}},"locations":[{"start":{"line":31,"column":12},"end":{"line":39,"column":5}}]},"20":{"type":"branch","line":35,"loc":{"start":{"line":35,"column":11},"end":{"line":38,"column":6}},"locations":[{"start":{"line":35,"column":11},"end":{"line":38,"column":6}}]}},"b":{"0":[1],"1":[0],"2":[0],"3":[0],"4":[0],"5":[0],"6":[0],"7":[0],"8":[0],"9":[0],"10":[0],"11":[0],"12":[0],"13":[0],"14":[0],"15":[0],"16":[0],"17":[0],"18":[0],"19":[1],"20":[1]},"fnMap":{"0":{"name":"App","decl":{"start":{"line":20,"column":0},"end":{"line":76,"column":1}},"loc":{"start":{"line":20,"column":0},"end":{"line":76,"column":1}},"line":20},"1":{"name":"update","decl":{"start":{"line":32,"column":19},"end":{"line":32,"column":78}},"loc":{"start":{"line":32,"column":19},"end":{"line":32,"column":78}},"line":32}},"f":{"0":1,"1":0}}
,"/home/runner/work/grepwise/grepwise/frontend/src/config.ts": {"path":"/home/runner/work/grepwise/grepwise/frontend/src/config.ts","all":false,"statementMap":{"8":{"start":{"line":9,"column":0},"end":{"line":9,"column":108}},"10":{"start":{"line":11,"column":0},"end":{"line":11,"column":88}},"12":{"start":{"line":13,"column":0},"end":{"line":13,"column":29}},"13":{"start":{"line":14,"column":0},"end":{"line":14,"column":38}},"14":{"start":{"line":15,"column":0},"end":{"line":15,"column":34}},"15":{"start":{"line":16,"column":0},"end":{"line":16,"column":54}},"16":{"start":{"line":17,"column":0},"end":{"line":17,"column":2}},"18":{"start":{"line":19,"column":0},"end":{"line":19,"column":46}},"19":{"start":{"line":20,"column":0},"end":{"line":20,"column":80}},"20":{"start":{"line":21,"column":0},"end":{"line":21,"column":49}},"21":{"start":{"line":22,"column":0},"end":{"line":22,"column":2}},"23":{"start":{"line":24,"column":0},"end":{"line":24,"column":34}},"24":{"start":{"line":25,"column":0},"end":{"line":25,"column":93}},"25":{"start":{"line":26,"column":0},"end":{"line":26,"column":83}},"26":{"start":{"line":27,"column":0},"end":{"line":27,"column":13}},"27":{"start":{"line":28,"column":0},"end":{"line":28,"column":23}},"28":{"start":{"line":29,"column":0},"end":{"line":29,"column":76}},"29":{"start":{"line":30,"column":0},"end":{"line":30,"column":32}},"30":{"start":{"line":31,"column":0},"end":{"line":31,"column":6}},"31":{"start":{"line":32,"column":0},"end":{"line":32,"column":20}},"32":{"start":{"line":33,"column":0},"end":{"line":33,"column":118}},"33":{"start":{"line":34,"column":0},"end":{"line":34,"column":4}},"34":{"start":{"line":35,"column":0},"end":{"line":35,"column":2}},"36":{"start":{"line":37,"column":0},"end":{"line":37,"column":70}}},"s":{"8":1,"10":1,"12":1,"13":1,"14":1,"15":1,"16":1,"18":1,"19":2,"20":2,"21":2,"23":1,"24":1,"25":1,"26":1,"27":1,"28":1,"29":1,"30":1,"31":1,"32":1,"33":1,"34":1,"36":1},"branchMap":{"0":{"type":"branch","line":11,"loc":{"start":{"line":11,"column":77},"end":{"line":11,"column":88}},"locations":[{"start":{"line":11,"column":77},"end":{"line":11,"column":88}}]},"1":{"type":"branch","line":26,"loc":{"start":{"line":26,"column":29},"end":{"line":26,"column":58}},"locations":[{"start":{"line":26,"column":29},"end":{"line":26,"column":58}}]},"2":{"type":"branch","line":29,"loc":{"start":{"line":29,"column":15},"end":{"line":29,"column":57}},"locations":[{"start":{"line":29,"column":15},"end":{"line":29,"column":57}}]},"3":{"type":"branch","line":33,"loc":{"start":{"line":33,"column":15},"end":{"line":33,"column":55}},"locations":[{"start":{"line":33,"column":15},"end":{"line":33,"column":55}}]},"4":{"type":"branch","line":19,"loc":{"start":{"line":19,"column":17},"end":{"line":22,"column":2}},"locations":[{"start":{"line":19,"column":17},"end":{"line":22,"column":2}}]},"5":{"type":"branch","line":20,"loc":{"start":{"line":20,"column":25},"end":{"line":20,"column":48}},"locations":[{"start":{"line":20,"column":25},"end":{"line":20,"column":48}}]},"6":{"type":"branch","line":20,"loc":{"start":{"line":20,"column":61},"end":{"line":20,"column":76}},"locations":[{"start":{"line":20,"column":61},"end":{"line":20,"column":76}}]},"7":{"type":"branch","line":21,"loc":{"start":{"line":21,"column":26},"end":{"line":21,"column":46}},"locations":[{"start":{"line":21,"column":26},"end":{"line":21,"column":46}}]},"8":{"type":"branch","line":37,"loc":{"start":{"line":37,"column":22},"end":{"line":37,"column":70}},"locations":[{"start":{"line":37,"column":22},"end":{"line":37,"column":70}}]}},"b":{"0":[0],"1":[0],"2":[0],"3":[0],"4":[2],"5":[0],"6":[0],"7":[0],"8":[20]},"fnMap":{"0":{"name":"toNumber","decl":{"start":{"line":19,"column":17},"end":{"line":22,"column":2}},"loc":{"start":{"line":19,"column":17},"end":{"line":22,"column":2}},"line":19},"1":{"name":"apiUrl","decl":{"start":{"line":37,"column":22},"end":{"line":37,"column":70}},"loc":{"start":{"line":37,"column":22},"end":{"line":37,"column":70}},"line":37}},"f":{"0":2,"1":20}}
,"/home/runner/work/grepwise/grepwise/frontend/src/main.tsx": {"path":"/home/runner/work/grepwise/grepwise/frontend/src/main.tsx","all":true,"statementMap":{"0":{"start":{"line":1,"column":0},"end":{"line":1,"column":26}},"1":{"start":{"line":2,"column":0},"end":{"line":2,"column":40}},"2":{"start":{"line":3,"column":0},"end":{"line":3,"column":49}},"3":{"start":{"line":4,"column":0},"end":{"line":4,"column":73}},"4":{"start":{"line":5,"column":0},"end":{"line":5,"column":68}},"5":{"start":{"line":6,"column":0},"end":{"line":6,"column":60}},"6":{"start":{"line":7,"column":0},"end":{"line":7,"column":24}},"7":{"start":{"line":8,"column":0},"end":{"line":8,"column":33}},"8":{"start":{"line":9,"column":0},"end":{"line":9,"column":30}},"11":{"start":{"line":12,"column":0},"end":{"line":12,"column":37}},"12":{"start":{"line":13,"column":0},"end":{"line":13,"column":19}},"13":{"start":{"line":14,"column":0},"end":{"line":14,"column":14}},"14":{"start":{"line":15,"column":0},"end":{"line":15,"column":34}},"15":{"start":{"line":16,"column":0},"end":{"line":16,"column":15}},"16":{"start":{"line":17,"column":0},"end":{"line":17,"column":6}},"17":{"start":{"line":18,"column":0},"end":{"line":18,"column":4}},"18":{"start":{"line":19,"column":0},"end":{"line":19,"column":3}},"20":{"start":{"line":21,"column":0},"end":{"line":21,"column":61}},"21":{"start":{"line":22,"column":0},"end":{"line":22,"column":20}},"22":{"start":{"line":23,"column":0},"end":{"line":23,"column":19}},"23":{"start":{"line":24,"column":0},"end":{"line":24,"column":48}},"24":{"start":{"line":25,"column":0},"end":{"line":25,"column":73}},"25":{"start":{"line":26,"column":0},"end":{"line":26,"column":17}},"26":{"start":{"line":27,"column":0},"end":{"line":27,"column":24}},"27":{"start":{"line":28,"column":0},"end":{"line":28,"column":52}},"28":{"start":{"line":29,"column":0},"end":{"line":29,"column":28}},"29":{"start":{"line":30,"column":0},"end":{"line":30,"column":20}},"30":{"start":{"line":31,"column":0},"end":{"line":31,"column":21}},"31":{"start":{"line":32,"column":0},"end":{"line":32,"column":2}}},"s":{"0":0,"1":0,"2":0,"3":0,"4":0,"5":0,"6":0,"7":0,"8":0,"11":0,"12":0,"13":0,"14":0,"15":0,"16":0,"17":0,"18":0,"20":0,"21":0,"22":0,"23":0,"24":0,"25":0,"26":0,"27":0,"28":0,"29":0,"30":0,"31":0},"branchMap":{"0":{"type":"branch","line":1,"loc":{"start":{"line":1,"column":985},"end":{"line":32,"column":2}},"locations":[{"start":{"line":1,"column":985},"end":{"line":32,"column":2}}]}},"b":{"0":[0]},"fnMap":{"0":{"name":"(empty-report)","decl":{"start":{"line":1,"column":985},"end":{"line":32,"column":2}},"loc":{"start":{"line":1,"column":985},"end":{"line":32,"column":2}},"line":1}},"f":{"0":0}}
,"/home/runner/work/grepwise/grepwise/frontend/src/api/alarm.ts": {"path":"/home/runner/work/grepwise/grepwise/frontend/src/api/alarm.ts","all":false,"statementMap":{"0":{"start":{"line":1,"column":0},"end":{"line":1,"column":38}},"63":{"start":{"line":64,"column":0},"end":{"line":64,"column":43}},"64":{"start":{"line":65,"column":0},"end":{"line":65,"column":51}},"67":{"start":{"line":68,"column":0},"end":{"line":68,"column":25}},"69":{"start":{"line":70,"column":0},"end":{"line":70,"column":47}},"70":{"start":{"line":71,"column":0},"end":{"line":71,"column":47}},"71":{"start":{"line":72,"column":0},"end":{"line":72,"column":23}},"72":{"start":{"line":73,"column":0},"end":{"line":73,"column":48}},"73":{"start":{"line":74,"column":0},"end":{"line":74,"column":5}},"74":{"start":{"line":75,"column":0},"end":{"line":75,"column":27}},"75":{"start":{"line":76,"column":0},"end":{"line":76,"column":4}},"78":{"start":{"line":79,"column":0},"end":{"line":79,"column":55}},"79":{"start":{"line":80,"column":0},"end":{"line":80,"column":58}},"80":{"start":{"line":81,"column":0},"end":{"line":81,"column":23}},"81":{"start":{"line":82,"column":0},"end":{"line":82,"column":47}},"82":{"start":{"line":83,"column":0},"end":{"line":83,"column":5}},"83":{"start":{"line":84,"column":0},"end":{"line":84,"column":27}},"84":{"start":{"line":85,"column":0},"end":{"line":85,"column":4}},"87":{"start":{"line":88,"column":0},"end":{"line":88,"column":63}},"88":{"start":{"line":89,"column":0},"end":{"line":89,"column":48}},"89":{"start":{"line":90,"column":0},"end":{"line":90,"column":21}},"90":{"start":{"line":91,"column":0},"end":{"line":91,"column":34}},"91":{"start":{"line":92,"column":0},"end":{"line":92,"column":7}},"92":{"start":{"line":93,"column":0},"end":{"line":93,"column":23}},"93":{"start":{"line":94,"column":0},"end":{"line":94,"column":42}},"94":{"start":{"line":95,"column":0},"end":{"line":95,"column":63}},"95":{"start":{"line":96,"column":0},"end":{"line":96,"column":5}},"96":{"start":{"line":97,"column":0},"end":{"line":97,"column":27}},"97":{"start":{"line":98,"column":0},"end":{"line":98,"column":4}},"100":{"start":{"line":101,"column":0},"end":{"line":101,"column":75}},"101":{"start":{"line":102,"column":0},"end":{"line":102,"column":59}},"102":{"start":{"line":103,"column":0},"end":{"line":103,"column":20}},"104":{"start":{"line":105,"column":0},"end":{"line":105,"column":34}},"105":{"start":{"line":106,"column":0},"end":{"line":106,"column":7}},"106":{"start":{"line":107,"column":0},"end":{"line":107,"column":23}},"107":{"start":{"line":108,"column":0},"end":{"line":108,"column":42}},"108":{"start":{"line":109,"column":0},"end":{"line":109,"column":63}},"109":{"start":{"line":110,"column":0},"end":{"line":110,"column":5}},"110":{"start":{"line":111,"column":0},"end":{"line":111,"column":27}},"111":{"start":{"line":112,"column":0},"end":{"line":112,"column":4}},"114":{"start":{"line":115,"column":0},"end":{"line":115,"column":53}},"115":{"start":{"line":116,"column":0},"end":{"line":116,"column":59}},"116":{"start":{"line":117,"column":0},"end":{"line":117,"column":23}},"117":{"start":{"line":118,"column":0},"end":{"line":118,"column":7}},"118":{"start":{"line":119,"column":0},"end":{"line":119,"column":23}},"119":{"start":{"line":120,"column":0},"end":{"line":120,"column":42}},"120":{"start":{"line":121,"column":0},"end":{"line":121,"column":63}},"121":{"start":{"line":122,"column":0},"end":{"line":122,"column":5}},"122":{"start":{"line":123,"column":0},"end":{"line":123,"column":4}},"125":{"start":{"line":126,"column":0},"end":{"line":126,"column":54}},"126":{"start":{"line":127,"column":0},"end":{"line":127,"column":66}},"127":{"start":{"line":128,"column":0},"end":{"line":128,"column":20}},"128":{"start":{"line":129,"column":0},"end":{"line":129,"column":7}},"129":{"start":{"line":130,"column":0},"end":{"line":130,"column":23}},"130":{"start":{"line":131,"column":0},"end":{"line":131,"column":42}},"131":{"start":{"line":132,"column":0},"end":{"line":132,"column":63}},"132":{"start":{"line":133,"column":0},"end":{"line":133,"column":5}},"133":{"start":{"line":134,"column":0},"end":{"line":134,"column":27}},"134":{"start":{"line":135,"column":0},"end":{"line":135,"column":4}},"137":{"start":{"line":138,"column":0},"end":{"line":138,"column":69}},"138":{"start":{"line":139,"column":0},"end":{"line":139,"column":71}},"139":{"start":{"line":140,"column":0},"end":{"line":140,"column":23}},"140":{"start":{"line":141,"column":0},"end":{"line":141,"column":66}},"141":{"start":{"line":142,"column":0},"end":{"line":142,"column":5}},"142":{"start":{"line":143,"column":0},"end":{"line":143,"column":27}},"143":{"start":{"line":144,"column":0},"end":{"line":144,"column":4}},"146":{"start":{"line":147,"column":0},"end":{"line":147,"column":54}},"147":{"start":{"line":148,"column":0},"end":{"line":148,"column":68}},"148":{"start":{"line":149,"column":0},"end":{"line":149,"column":21}},"149":{"start":{"line":150,"column":0},"end":{"line":150,"column":7}},"150":{"start":{"line":151,"column":0},"end":{"line":151,"column":23}},"151":{"start":{"line":152,"column":0},"end":{"line":152,"column":42}},"152":{"start":{"line":153,"column":0},"end":{"line":153,"column":65}},"153":{"start":{"line":154,"column":0},"end":{"line":154,"column":5}},"154":{"start":{"line":155,"column":0},"end":{"line":155,"column":27}},"155":{"start":{"line":156,"column":0},"end":{"line":156,"column":4}},"158":{"start":{"line":159,"column":0},"end":{"line":159,"column":56}},"159":{"start":{"line":160,"column":0},"end":{"line":160,"column":63}},"160":{"start":{"line":161,"column":0},"end":{"line":161,"column":23}},"161":{"start":{"line":162,"column":0},"end":{"line":162,"column":58}},"162":{"start":{"line":163,"column":0},"end":{"line":163,"column":5}},"163":{"start":{"line":164,"column":0},"end":{"line":164,"column":27}},"164":{"start":{"line":165,"column":0},"end":{"line":165,"column":4}},"167":{"start":{"line":168,"column":0},"end":{"line":168,"column":54}},"168":{"start":{"line":169,"column":0},"end":{"line":169,"column":49}},"169":{"start":{"line":170,"column":0},"end":{"line":170,"column":23}},"170":{"start":{"line":171,"column":0},"end":{"line":171,"column":54}},"171":{"start":{"line":172,"column":0},"end":{"line":172,"column":5}},"172":{"start":{"line":173,"column":0},"end":{"line":173,"column":27}},"173":{"start":{"line":174,"column":0},"end":{"line":174,"column":4}},"176":{"start":{"line":177,"column":0},"end":{"line":177,"column":90}},"177":{"start":{"line":178,"column":0},"end":{"line":178,"column":71}},"178":{"start":{"line":179,"column":0},"end":{"line":179,"column":23}},"179":{"start":{"line":180,"column":0},"end":{"line":180,"column":64}},"180":{"start":{"line":181,"column":0},"end":{"line":181,"column":5}},"181":{"start":{"line":182,"column":0},"end":{"line":182,"column":27}},"182":{"start":{"line":183,"column":0},"end":{"line":183,"column":4}},"185":{"start":{"line":186,"column":0},"end":{"line":186,"column":77}},"186":{"start":{"line":187,"column":0},"end":{"line":187,"column":71}},"187":{"start":{"line":188,"column":0},"end":{"line":188,"column":23}},"188":{"start":{"line":189,"column":0},"end":{"line":189,"column":64}},"189":{"start":{"line":190,"column":0},"end":{"line":190,"column":5}},"190":{"start":{"line":191,"column":0},"end":{"line":191,"column":27}},"191":{"start":{"line":192,"column":0},"end":{"line":192,"column":4}},"194":{"start":{"line":195,"column":0},"end":{"line":195,"column":69}},"195":{"start":{"line":196,"column":0},"end":{"line":196,"column":78}},"196":{"start":{"line":197,"column":0},"end":{"line":197,"column":20}},"197":{"start":{"line":198,"column":0},"end":{"line":198,"column":7}},"198":{"start":{"line":199,"column":0},"end":{"line":199,"column":23}},"199":{"start":{"line":200,"column":0},"end":{"line":200,"column":42}},"200":{"start":{"line":201,"column":0},"end":{"line":201,"column":68}},"201":{"start":{"line":202,"column":0},"end":{"line":202,"column":5}},"202":{"start":{"line":203,"column":0},"end":{"line":203,"column":27}},"203":{"start":{"line":204,"column":0},"end":{"line":204,"column":4}},"206":{"start":{"line":207,"column":0},"end":{"line":207,"column":65}},"207":{"start":{"line":208,"column":0},"end":{"line":208,"column":74}},"208":{"start":{"line":209,"column":0},"end":{"line":209,"column":20}},"209":{"start":{"line":210,"column":0},"end":{"line":210,"column":7}},"210":{"start":{"line":211,"column":0},"end":{"line":211,"column":23}},"211":{"start":{"line":212,"column":0},"end":{"line":212,"column":42}},"212":{"start":{"line":213,"column":0},"end":{"line":213,"column":64}},"213":{"start":{"line":214,"column":0},"end":{"line":214,"column":5}},"214":{"start":{"line":215,"column":0},"end":{"line":215,"column":27}},"215":{"start":{"line":216,"column":0},"end":{"line":216,"column":4}},"216":{"start":{"line":217,"column":0},"end":{"line":217,"column":2}}},"s":{"0":1,"63":1,"64":1,"67":1,"69":1,"70":0,"71":0,"72":0,"73":0,"74":0,"75":0,"78":1,"79":0,"80":0,"81":0,"82":0,"83":0,"84":0,"87":1,"88":0,"89":0,"90":0,"91":0,"92":0,"93":0,"94":0,"95":0,"96":0,"97":0,"100":1,"101":0,"102":0,"104":0,"105":0,"106":0,"107":0,"108":0,"109":0,"110":0,"111":0,"114":1,"115":0,"116":0,"117":0,"118":0,"119":0,"120":0,"121":0,"122":0,"125":1,"126":0,"127":0,"128":0,"129":0,"130":0,"131":0,"132":0,"133":0,"134":0,"137":1,"138":0,"139":0,"140":0,"141":0,"142":0,"143":0,"146":1,"147":0,"148":0,"149":0,"150":0,"151":0,"152":0,"153":0,"154":0,"155":0,"158":1,"159":0,"160":0,"161":0,"162":0,"163":0,"164":0,"167":1,"168":0,"169":0,"170":0,"171":0,"172":0,"173":0,"176":1,"177":0,"178":0,"179":0,"180":0,"181":0,"182":0,"185":1,"186":0,"187":0,"188":0,"189":0,"190":0,"191":0,"194":1,"195":0,"196":0,"197":0,"198":0,"199":0,"200":0,"201":0,"202":0,"203":0,"206":1,"207":0,"208":0,"209":0,"210":0,"211":0,"212":0,"213":0,"214":0,"215":0,"216":1},"branchMap":{},"b":{},"fnMap":{"0":{"name":"getAllAlarms","decl":{"start":{"line":70,"column":16},"end":{"line":76,"column":4}},"loc":{"start":{"line":70,"column":16},"end":{"line":76,"column":4}},"line":70},"1":{"name":"getAlarmById","decl":{"start":{"line":79,"column":16},"end":{"line":85,"column":4}},"loc":{"start":{"line":79,"column":16},"end":{"line":85,"column":4}},"line":79},"2":{"name":"createAlarm","decl":{"start":{"line":88,"column":15},"end":{"line":98,"column":4}},"loc":{"start":{"line":88,"column":15},"end":{"line":98,"column":4}},"line":88},"3":{"name":"updateAlarm","decl":{"start":{"line":101,"column":15},"end":{"line":112,"column":4}},"loc":{"start":{"line":101,"column":15},"end":{"line":112,"column":4}},"line":101},"4":{"name":"deleteAlarm","decl":{"start":{"line":115,"column":15},"end":{"line":123,"column":4}},"loc":{"start":{"line":115,"column":15},"end":{"line":123,"column":4}},"line":115},"5":{"name":"toggleAlarm","decl":{"start":{"line":126,"column":15},"end":{"line":135,"column":4}},"loc":{"start":{"line":126,"column":15},"end":{"line":135,"column":4}},"line":126},"6":{"name":"getAlarmsByEnabled","decl":{"start":{"line":138,"column":22},"end":{"line":144,"column":4}},"loc":{"start":{"line":138,"column":22},"end":{"line":144,"column":4}},"line":138},"7":{"name":"evaluateAlarm","decl":{"start":{"line":147,"column":17},"end":{"line":156,"column":4}},"loc":{"start":{"line":147,"column":17},"end":{"line":156,"column":4}},"line":147},"8":{"name":"getStatistics","decl":{"start":{"line":159,"column":17},"end":{"line":165,"column":4}},"loc":{"start":{"line":159,"column":17},"end":{"line":165,"column":4}},"line":159},"9":{"name":"getAlarmEvents","decl":{"start":{"line":168,"column":18},"end":{"line":174,"column":4}},"loc":{"start":{"line":168,"column":18},"end":{"line":174,"column":4}},"line":168},"10":{"name":"getAlarmEventsByStatus","decl":{"start":{"line":177,"column":26},"end":{"line":183,"column":4}},"loc":{"start":{"line":177,"column":26},"end":{"line":183,"column":4}},"line":177},"11":{"name":"getAlarmEventsForAlarm","decl":{"start":{"line":186,"column":26},"end":{"line":192,"column":4}},"loc":{"start":{"line":186,"column":26},"end":{"line":192,"column":4}},"line":186},"12":{"name":"acknowledgeAlarm","decl":{"start":{"line":195,"column":20},"end":{"line":204,"column":4}},"loc":{"start":{"line":195,"column":20},"end":{"line":204,"column":4}},"line":195},"13":{"name":"resolveAlarm","decl":{"start":{"line":207,"column":16},"end":{"line":216,"column":4}},"loc":{"start":{"line":207,"column":16},"end":{"line":216,"column":4}},"line":207}},"f":{"0":0,"1":0,"2":0,"3":0,"4":0,"5":0,"6":0,"7":0,"8":0,"9":0,"10":0,"11":0,"12":0,"13":0}}
,"/home/runner/work/grepwise/grepwise/frontend/src/api/audit-log.ts": {"path":"/home/runner/work/grepwise/grepwise/frontend/src/api/audit-log.ts","all":true,"statementMap":{"0":{"start":{"line":1,"column":0},"end":{"line":1,"column":27}},"32":{"start":{"line":33,"column":0},"end":{"line":33,"column":47}},"35":{"start":{"line":36,"column":0},"end":{"line":36,"column":28}},"37":{"start":{"line":38,"column":0},"end":{"line":38,"column":78}},"38":{"start":{"line":39,"column":0},"end":{"line":39,"column":46}},"41":{"start":{"line":42,"column":0},"end":{"line":42,"column":55}},"42":{"start":{"line":43,"column":0},"end":{"line":43,"column":32}},"43":{"start":{"line":44,"column":0},"end":{"line":44,"column":50}},"44":{"start":{"line":45,"column":0},"end":{"line":45,"column":7}},"45":{"start":{"line":46,"column":0},"end":{"line":46,"column":7}},"47":{"start":{"line":48,"column":0},"end":{"line":48,"column":60}},"48":{"start":{"line":49,"column":0},"end":{"line":49,"column":38}},"50":{"start":{"line":51,"column":0},"end":{"line":51,"column":23}},"51":{"start":{"line":52,"column":0},"end":{"line":52,"column":52}},"52":{"start":{"line":53,"column":0},"end":{"line":53,"column":5}},"54":{"start":{"line":55,"column":0},"end":{"line":55,"column":27}},"55":{"start":{"line":56,"column":0},"end":{"line":56,"column":4}},"58":{"start":{"line":59,"column":0},"end":{"line":59,"column":61}},"59":{"start":{"line":60,"column":0},"end":{"line":60,"column":58}},"61":{"start":{"line":62,"column":0},"end":{"line":62,"column":23}},"62":{"start":{"line":63,"column":0},"end":{"line":63,"column":51}},"63":{"start":{"line":64,"column":0},"end":{"line":64,"column":5}},"65":{"start":{"line":66,"column":0},"end":{"line":66,"column":27}},"66":{"start":{"line":67,"column":0},"end":{"line":67,"column":4}},"69":{"start":{"line":70,"column":0},"end":{"line":70,"column":49}},"70":{"start":{"line":71,"column":0},"end":{"line":71,"column":63}},"72":{"start":{"line":73,"column":0},"end":{"line":73,"column":23}},"73":{"start":{"line":74,"column":0},"end":{"line":74,"column":52}},"74":{"start":{"line":75,"column":0},"end":{"line":75,"column":5}},"76":{"start":{"line":77,"column":0},"end":{"line":77,"column":27}},"77":{"start":{"line":78,"column":0},"end":{"line":78,"column":4}},"80":{"start":{"line":81,"column":0},"end":{"line":81,"column":46}},"81":{"start":{"line":82,"column":0},"end":{"line":82,"column":60}},"83":{"start":{"line":84,"column":0},"end":{"line":84,"column":23}},"84":{"start":{"line":85,"column":0},"end":{"line":85,"column":49}},"85":{"start":{"line":86,"column":0},"end":{"line":86,"column":5}},"87":{"start":{"line":88,"column":0},"end":{"line":88,"column":27}},"88":{"start":{"line":89,"column":0},"end":{"line":89,"column":4}},"91":{"start":{"line":92,"column":0},"end":{"line":92,"column":50}},"92":{"start":{"line":93,"column":0},"end":{"line":93,"column":65}},"94":{"start":{"line":95,"column":0},"end":{"line":95,"column":23}},"95":{"start":{"line":96,"column":0},"end":{"line":96,"column":54}},"96":{"start":{"line":97,"column":0},"end":{"line":97,"column":5}},"98":{"start":{"line":99,"column":0},"end":{"line":99,"column":27}},"99":{"start":{"line":100,"column":0},"end":{"line":100,"column":4}},"102":{"start":{"line":103,"column":0},"end":{"line":103,"column":69}},"103":{"start":{"line":104,"column":0},"end":{"line":104,"column":71}},"105":{"start":{"line":106,"column":0},"end":{"line":106,"column":23}},"106":{"start":{"line":107,"column":0},"end":{"line":107,"column":60}},"107":{"start":{"line":108,"column":0},"end":{"line":108,"column":5}},"109":{"start":{"line":110,"column":0},"end":{"line":110,"column":27}},"110":{"start":{"line":111,"column":0},"end":{"line":111,"column":4}},"113":{"start":{"line":114,"column":0},"end":{"line":114,"column":67}},"114":{"start":{"line":115,"column":0},"end":{"line":115,"column":69}},"116":{"start":{"line":117,"column":0},"end":{"line":117,"column":23}},"117":{"start":{"line":118,"column":0},"end":{"line":118,"column":58}},"118":{"start":{"line":119,"column":0},"end":{"line":119,"column":5}},"120":{"start":{"line":121,"column":0},"end":{"line":121,"column":27}},"121":{"start":{"line":122,"column":0},"end":{"line":122,"column":4}},"124":{"start":{"line":125,"column":0},"end":{"line":125,"column":67}},"125":{"start":{"line":126,"column":0},"end":{"line":126,"column":69}},"127":{"start":{"line":128,"column":0},"end":{"line":128,"column":23}},"128":{"start":{"line":129,"column":0},"end":{"line":129,"column":58}},"129":{"start":{"line":130,"column":0},"end":{"line":130,"column":5}},"131":{"start":{"line":132,"column":0},"end":{"line":132,"column":27}},"132":{"start":{"line":133,"column":0},"end":{"line":133,"column":4}},"135":{"start":{"line":136,"column":0},"end":{"line":136,"column":42}},"136":{"start":{"line":137,"column":0},"end":{"line":137,"column":58}},"138":{"start":{"line":139,"column":0},"end":{"line":139,"column":23}},"139":{"start":{"line":140,"column":0},"end":{"line":140,"column":57}},"140":{"start":{"line":141,"column":0},"end":{"line":141,"column":5}},"142":{"start":{"line":143,"column":0},"end":{"line":143,"column":27}},"143":{"start":{"line":144,"column":0},"end":{"line":144,"column":4}},"146":{"start":{"line":147,"column":0},"end":{"line":147,"column":56}},"147":{"start":{"line":148,"column":0},"end":{"line":148,"column":59}},"148":{"start":{"line":149,"column":0},"end":{"line":149,"column":23}},"149":{"start":{"line":150,"column":0},"end":{"line":150,"column":7}},"151":{"start":{"line":152,"column":0},"end":{"line":152,"column":23}},"152":{"start":{"line":153,"column":0},"end":{"line":153,"column":52}},"153":{"start":{"line":154,"column":0},"end":{"line":154,"column":5}},"154":{"start":{"line":155,"column":0},"end":{"line":155,"column":4}},"157":{"start":{"line":158,"column":0},"end":{"line":158,"column":50}},"158":{"start":{"line":159,"column":0},"end":{"line":159,"column":48}},"159":{"start":{"line":160,"column":0},"end":{"line":160,"column":23}},"160":{"start":{"line":161,"column":0},"end":{"line":161,"column":7}},"162":{"start":{"line":163,"column":0},"end":{"line":163,"column":23}},"163":{"start":{"line":164,"column":0},"end":{"line":164,"column":57}},"164":{"start":{"line":165,"column":0},"end":{"line":165,"column":5}},"165":{"start":{"line":166,"column":0},"end":{"line":166,"column":4}},"166":{"start":{"line":167,"column":0},"end":{"line":167,"column":2}}},"s":{"0":0,"32":0,"35":0,"37":0,"38":0,"41":0,"42":0,"43":0,"44":0,"45":0,"47":0,"48":0,"50":0,"51":0,"52":0,"54":0,"55":0,"58":0,"59":0,"61":0,"62":0,"63":0,"65":0,"66":0,"69":0,"70":0,"72":0,"73":0,"74":0,"76":0,"77":0,"80":0,"81":0,"83":0,"84":0,"85":0,"87":0,"88":0,"91":0,"92":0,"94":0,"95":0,"96":0,"98":0,"99":0,"102":0,"103":0,"105":0,"106":0,"107":0,"109":0,"110":0,"113":0,"114":0,"116":0,"117":0,"118":0,"120":0,"121":0,"124":0,"125":0,"127":0,"128":0,"129":0,"131":0,"132":0,"135":0,"136":0,"138":0,"139":0,"140":0,"142":0,"143":0,"146":0,"147":0,"148":0,"149":0,"151":0,"152":0,"153":0,"154":0,"157":0,"158":0,"159":0,"160":0,"162":0,"163":0,"164":0,"165":0,"166":0},"branchMap":{"0":{"type":"branch","line":1,"loc":{"start":{"line":1,"column":4089},"end":{"line":167,"column":2}},"locations":[{"start":{"line":1,"column":4089},"end":{"line":167,"column":2}}]}},"b":{"0":[0]},"fnMap":{"0":{"name":"(empty-report)","decl":{"start":{"line":1,"column":4089},"end":{"line":167,"column":2}},"loc":{"start":{"line":1,"column":4089},"end":{"line":167,"column":2}},"line":1}},"f":{"0":0}}
,"/home/runner/work/grepwise/grepwise/frontend/src/api/configBackup.ts": {"path":"/home/runner/work/grepwise/grepwise/frontend/src/api/configBackup.ts","all":false,"statementMap":{"9":{"start":{"line":10,"column":0},"end":{"line":10,"column":64}},"10":{"start":{"line":11,"column":0},"end":{"line":11,"column":7}},"12":{"start":{"line":13,"column":0},"end":{"line":13,"column":55}},"13":{"start":{"line":14,"column":0},"end":{"line":14,"column":19}},"14":{"start":{"line":15,"column":0},"end":{"line":15,"column":60}},"15":{"start":{"line":16,"column":0},"end":{"line":16,"column":16}},"16":{"start":{"line":17,"column":0},"end":{"line":17,"column":3}},"17":{"start":{"line":18,"column":0},"end":{"line":18,"column":2}},"26":{"start":{"line":27,"column":0},"end":{"line":27,"column":43}},"27":{"start":{"line":28,"column":0},"end":{"line":28,"column":13}},"28":{"start":{"line":29,"column":0},"end":{"line":29,"column":28}},"34":{"start":{"line":35,"column":0},"end":{"line":35,"column":7}},"35":{"start":{"line":36,"column":0},"end":{"line":36,"column":7}},"36":{"start":{"line":37,"column":0},"end":{"line":37,"column":36}},"37":{"start":{"line":38,"column":0},"end":{"line":38,"column":34}},"38":{"start":{"line":39,"column":0},"end":{"line":39,"column":55}},"40":{"start":{"line":41,"column":0},"end":{"line":41,"column":63}},"41":{"start":{"line":42,"column":0},"end":{"line":42,"column":21}},"42":{"start":{"line":43,"column":0},"end":{"line":43,"column":21}},"43":{"start":{"line":44,"column":0},"end":{"line":44,"column":7}},"45":{"start":{"line":46,"column":0},"end":{"line":46,"column":23}},"46":{"start":{"line":47,"column":0},"end":{"line":47,"column":81}},"47":{"start":{"line":48,"column":0},"end":{"line":48,"column":5}},"49":{"start":{"line":50,"column":0},"end":{"line":50,"column":33}},"50":{"start":{"line":51,"column":0},"end":{"line":51,"column":19}},"51":{"start":{"line":52,"column":0},"end":{"line":52,"column":60}},"52":{"start":{"line":53,"column":0},"end":{"line":53,"column":16}},"53":{"start":{"line":54,"column":0},"end":{"line":54,"column":3}},"54":{"start":{"line":55,"column":0},"end":{"line":55,"column":2}},"59":{"start":{"line":60,"column":0},"end":{"line":60,"column":32}},"60":{"start":{"line":61,"column":0},"end":{"line":61,"column":23}},"61":{"start":{"line":62,"column":0},"end":{"line":62,"column":23}},"62":{"start":{"line":63,"column":0},"end":{"line":63,"column":2}},"64":{"start":{"line":65,"column":0},"end":{"line":65,"column":31}}},"s":{"9":1,"10":0,"12":0,"13":0,"14":0,"15":0,"16":0,"17":0,"26":1,"27":0,"28":0,"34":0,"35":0,"36":0,"37":0,"38":0,"40":0,"41":0,"42":0,"43":0,"45":0,"46":0,"47":0,"49":0,"50":0,"51":0,"52":0,"53":0,"54":0,"59":1,"60":1,"61":1,"62":1,"64":1},"branchMap":{},"b":{},"fnMap":{"0":{"name":"exportConfigurations","decl":{"start":{"line":10,"column":36},"end":{"line":18,"column":2}},"loc":{"start":{"line":10,"column":36},"end":{"line":18,"column":2}},"line":10},"1":{"name":"importConfigurations","decl":{"start":{"line":27,"column":36},"end":{"line":55,"column":2}},"loc":{"start":{"line":27,"column":36},"end":{"line":55,"column":2}},"line":27}},"f":{"0":0,"1":0}}
,"/home/runner/work/grepwise/grepwise/frontend/src/api/dashboard.ts": {"path":"/home/runner/work/grepwise/grepwise/frontend/src/api/dashboard.ts","all":false,"statementMap":{"0":{"start":{"line":1,"column":0},"end":{"line":1,"column":28}},"53":{"start":{"line":54,"column":0},"end":{"line":54,"column":47}},"56":{"start":{"line":57,"column":0},"end":{"line":57,"column":29}},"58":{"start":{"line":59,"column":0},"end":{"line":59,"column":66}},"59":{"start":{"line":60,"column":0},"end":{"line":60,"column":69}},"60":{"start":{"line":61,"column":0},"end":{"line":61,"column":23}},"61":{"start":{"line":62,"column":0},"end":{"line":62,"column":52}},"62":{"start":{"line":63,"column":0},"end":{"line":63,"column":5}},"63":{"start":{"line":64,"column":0},"end":{"line":64,"column":27}},"64":{"start":{"line":65,"column":0},"end":{"line":65,"column":4}},"67":{"start":{"line":68,"column":0},"end":{"line":68,"column":75}},"68":{"start":{"line":69,"column":0},"end":{"line":69,"column":75}},"69":{"start":{"line":70,"column":0},"end":{"line":70,"column":23}},"70":{"start":{"line":71,"column":0},"end":{"line":71,"column":51}},"71":{"start":{"line":72,"column":0},"end":{"line":72,"column":5}},"72":{"start":{"line":73,"column":0},"end":{"line":73,"column":27}},"73":{"start":{"line":74,"column":0},"end":{"line":74,"column":4}},"76":{"start":{"line":77,"column":0},"end":{"line":77,"column":79}},"77":{"start":{"line":78,"column":0},"end":{"line":78,"column":48}},"78":{"start":{"line":79,"column":0},"end":{"line":79,"column":21}},"80":{"start":{"line":81,"column":0},"end":{"line":81,"column":38}},"81":{"start":{"line":82,"column":0},"end":{"line":82,"column":7}},"82":{"start":{"line":83,"column":0},"end":{"line":83,"column":23}},"83":{"start":{"line":84,"column":0},"end":{"line":84,"column":42}},"84":{"start":{"line":85,"column":0},"end":{"line":85,"column":67}},"85":{"start":{"line":86,"column":0},"end":{"line":86,"column":5}},"86":{"start":{"line":87,"column":0},"end":{"line":87,"column":27}},"87":{"start":{"line":88,"column":0},"end":{"line":88,"column":4}},"90":{"start":{"line":91,"column":0},"end":{"line":91,"column":91}},"91":{"start":{"line":92,"column":0},"end":{"line":92,"column":59}},"92":{"start":{"line":93,"column":0},"end":{"line":93,"column":20}},"94":{"start":{"line":95,"column":0},"end":{"line":95,"column":38}},"95":{"start":{"line":96,"column":0},"end":{"line":96,"column":7}},"96":{"start":{"line":97,"column":0},"end":{"line":97,"column":23}},"97":{"start":{"line":98,"column":0},"end":{"line":98,"column":42}},"98":{"start":{"line":99,"column":0},"end":{"line":99,"column":67}},"99":{"start":{"line":100,"column":0},"end":{"line":100,"column":5}},"100":{"start":{"line":101,"column":0},"end":{"line":101,"column":27}},"101":{"start":{"line":102,"column":0},"end":{"line":102,"column":4}},"104":{"start":{"line":105,"column":0},"end":{"line":105,"column":73}},"105":{"start":{"line":106,"column":0},"end":{"line":106,"column":76}},"106":{"start":{"line":107,"column":0},"end":{"line":107,"column":23}},"107":{"start":{"line":108,"column":0},"end":{"line":108,"column":7}},"108":{"start":{"line":109,"column":0},"end":{"line":109,"column":23}},"109":{"start":{"line":110,"column":0},"end":{"line":110,"column":42}},"110":{"start":{"line":111,"column":0},"end":{"line":111,"column":67}},"111":{"start":{"line":112,"column":0},"end":{"line":112,"column":5}},"112":{"start":{"line":113,"column":0},"end":{"line":113,"column":4}},"115":{"start":{"line":116,"column":0},"end":{"line":116,"column":96}},"116":{"start":{"line":117,"column":0},"end":{"line":117,"column":65}},"117":{"start":{"line":118,"column":0},"end":{"line":118,"column":20}},"119":{"start":{"line":120,"column":0},"end":{"line":120,"column":49}},"120":{"start":{"line":121,"column":0},"end":{"line":121,"column":7}},"121":{"start":{"line":122,"column":0},"end":{"line":122,"column":23}},"122":{"start":{"line":123,"column":0},"end":{"line":123,"column":42}},"123":{"start":{"line":124,"column":0},"end":{"line":124,"column":66}},"124":{"start":{"line":125,"column":0},"end":{"line":125,"column":5}},"125":{"start":{"line":126,"column":0},"end":{"line":126,"column":27}},"126":{"start":{"line":127,"column":0},"end":{"line":127,"column":4}},"129":{"start":{"line":130,"column":0},"end":{"line":130,"column":94}},"130":{"start":{"line":131,"column":0},"end":{"line":131,"column":76}},"131":{"start":{"line":132,"column":0},"end":{"line":132,"column":21}},"133":{"start":{"line":134,"column":0},"end":{"line":134,"column":35}},"134":{"start":{"line":135,"column":0},"end":{"line":135,"column":7}},"135":{"start":{"line":136,"column":0},"end":{"line":136,"column":23}},"136":{"start":{"line":137,"column":0},"end":{"line":137,"column":42}},"137":{"start":{"line":138,"column":0},"end":{"line":138,"column":61}},"138":{"start":{"line":139,"column":0},"end":{"line":139,"column":5}},"139":{"start":{"line":140,"column":0},"end":{"line":140,"column":27}},"140":{"start":{"line":141,"column":0},"end":{"line":141,"column":4}},"143":{"start":{"line":144,"column":0},"end":{"line":144,"column":115}},"144":{"start":{"line":145,"column":0},"end":{"line":145,"column":88}},"145":{"start":{"line":146,"column":0},"end":{"line":146,"column":20}},"147":{"start":{"line":148,"column":0},"end":{"line":148,"column":35}},"148":{"start":{"line":149,"column":0},"end":{"line":149,"column":7}},"149":{"start":{"line":150,"column":0},"end":{"line":150,"column":23}},"150":{"start":{"line":151,"column":0},"end":{"line":151,"column":42}},"151":{"start":{"line":152,"column":0},"end":{"line":152,"column":64}},"152":{"start":{"line":153,"column":0},"end":{"line":153,"column":5}},"153":{"start":{"line":154,"column":0},"end":{"line":154,"column":27}},"154":{"start":{"line":155,"column":0},"end":{"line":155,"column":4}},"157":{"start":{"line":158,"column":0},"end":{"line":158,"column":97}},"158":{"start":{"line":159,"column":0},"end":{"line":159,"column":105}},"159":{"start":{"line":160,"column":0},"end":{"line":160,"column":23}},"160":{"start":{"line":161,"column":0},"end":{"line":161,"column":7}},"161":{"start":{"line":162,"column":0},"end":{"line":162,"column":23}},"162":{"start":{"line":163,"column":0},"end":{"line":163,"column":42}},"163":{"start":{"line":164,"column":0},"end":{"line":164,"column":64}},"164":{"start":{"line":165,"column":0},"end":{"line":165,"column":5}},"165":{"start":{"line":166,"column":0},"end":{"line":166,"column":4}},"168":{"start":{"line":169,"column":0},"end":{"line":169,"column":32}},"169":{"start":{"line":170,"column":0},"end":{"line":170,"column":24}},"170":{"start":{"line":171,"column":0},"end":{"line":171,"column":60}},"171":{"start":{"line":172,"column":0},"end":{"line":172,"column":18}},"172":{"start":{"line":173,"column":0},"end":{"line":173,"column":23}},"173":{"start":{"line":174,"column":0},"end":{"line":174,"column":86}},"174":{"start":{"line":175,"column":0},"end":{"line":175,"column":20}},"176":{"start":{"line":177,"column":0},"end":{"line":177,"column":56}},"177":{"start":{"line":178,"column":0},"end":{"line":178,"column":7}},"178":{"start":{"line":179,"column":0},"end":{"line":179,"column":23}},"179":{"start":{"line":180,"column":0},"end":{"line":180,"column":42}},"180":{"start":{"line":181,"column":0},"end":{"line":181,"column":74}},"181":{"start":{"line":182,"column":0},"end":{"line":182,"column":5}},"182":{"start":{"line":183,"column":0},"end":{"line":183,"column":4}},"185":{"start":{"line":186,"column":0},"end":{"line":186,"column":104}},"186":{"start":{"line":187,"column":0},"end":{"line":187,"column":109}},"187":{"start":{"line":188,"column":0},"end":{"line":188,"column":23}},"188":{"start":{"line":189,"column":0},"end":{"line":189,"column":42}},"189":{"start":{"line":190,"column":0},"end":{"line":190,"column":68}},"190":{"start":{"line":191,"column":0},"end":{"line":191,"column":5}},"191":{"start":{"line":192,"column":0},"end":{"line":192,"column":27}},"192":{"start":{"line":193,"column":0},"end":{"line":193,"column":4}},"195":{"start":{"line":196,"column":0},"end":{"line":196,"column":60}},"196":{"start":{"line":197,"column":0},"end":{"line":197,"column":63}},"197":{"start":{"line":198,"column":0},"end":{"line":198,"column":23}},"198":{"start":{"line":199,"column":0},"end":{"line":199,"column":62}},"199":{"start":{"line":200,"column":0},"end":{"line":200,"column":5}},"200":{"start":{"line":201,"column":0},"end":{"line":201,"column":27}},"201":{"start":{"line":202,"column":0},"end":{"line":202,"column":4}},"202":{"start":{"line":203,"column":0},"end":{"line":203,"column":2}}},"s":{"0":1,"53":1,"56":1,"58":1,"59":0,"60":0,"61":0,"62":0,"63":0,"64":0,"67":1,"68":0,"69":0,"70":0,"71":0,"72":0,"73":0,"76":1,"77":0,"78":0,"80":0,"81":0,"82":0,"83":0,"84":0,"85":0,"86":0,"87":0,"90":1,"91":0,"92":0,"94":0,"95":0,"96":0,"97":0,"98":0,"99":0,"100":0,"101":0,"104":1,"105":0,"106":0,"107":0,"108":0,"109":0,"110":0,"111":0,"112":0,"115":1,"116":0,"117":0,"119":0,"120":0,"121":0,"122":0,"123":0,"124":0,"125":0,"126":0,"129":1,"130":0,"131":0,"133":0,"134":0,"135":0,"136":0,"137":0,"138":0,"139":0,"140":0,"143":1,"144":0,"145":0,"147":0,"148":0,"149":0,"150":0,"151":0,"152":0,"153":0,"154":0,"157":1,"158":0,"159":0,"160":0,"161":0,"162":0,"163":0,"164":0,"165":0,"168":1,"169":0,"170":0,"171":0,"172":0,"173":0,"174":0,"176":0,"177":0,"178":0,"179":0,"180":0,"181":0,"182":0,"185":1,"186":0,"187":0,"188":0,"189":0,"190":0,"191":0,"192":0,"195":1,"196":0,"197":0,"198":0,"199":0,"200":0,"201":0,"202":1},"branchMap":{},"b":{},"fnMap":{"0":{"name":"getDashboards","decl":{"start":{"line":59,"column":17},"end":{"line":65,"column":4}},"loc":{"start":{"line":59,"column":17},"end":{"line":65,"column":4}},"line":59},"1":{"name":"getDashboard","decl":{"start":{"line":68,"column":16},"end":{"line":74,"column":4}},"loc":{"start":{"line":68,"column":16},"end":{"line":74,"column":4}},"line":68},"2":{"name":"createDashboard","decl":{"start":{"line":77,"column":19},"end":{"line":88,"column":4}},"loc":{"start":{"line":77,"column":19},"end":{"line":88,"column":4}},"line":77},"3":{"name":"updateDashboard","decl":{"start":{"line":91,"column":19},"end":{"line":102,"column":4}},"loc":{"start":{"line":91,"column":19},"end":{"line":102,"column":4}},"line":91},"4":{"name":"deleteDashboard","decl":{"start":{"line":105,"column":19},"end":{"line":113,"column":4}},"loc":{"start":{"line":105,"column":19},"end":{"line":113,"column":4}},"line":105},"5":{"name":"shareDashboard","decl":{"start":{"line":116,"column":18},"end":{"line":127,"column":4}},"loc":{"start":{"line":116,"column":18},"end":{"line":127,"column":4}},"line":116},"6":{"name":"addWidget","decl":{"start":{"line":130,"column":13},"end":{"line":141,"column":4}},"loc":{"start":{"line":130,"column":13},"end":{"line":141,"column":4}},"line":130},"7":{"name":"updateWidget","decl":{"start":{"line":144,"column":16},"end":{"line":155,"column":4}},"loc":{"start":{"line":144,"column":16},"end":{"line":155,"column":4}},"line":144},"8":{"name":"deleteWidget","decl":{"start":{"line":158,"column":16},"end":{"line":166,"column":4}},"loc":{"start":{"line":158,"column":16},"end":{"line":166,"column":4}},"line":158},"9":{"name":"updateWidgetPositions","decl":{"start":{"line":169,"column":25},"end":{"line":183,"column":4}},"loc":{"start":{"line":169,"column":25},"end":{"line":183,"column":4}},"line":169},"10":{"name":"getWidgetData","decl":{"start":{"line":186,"column":17},"end":{"line":193,"column":4}},"loc":{"start":{"line":186,"column":17},"end":{"line":193,"column":4}},"line":186},"11":{"name":"getStatistics","decl":{"start":{"line":196,"column":17},"end":{"line":202,"column":4}},"loc":{"start":{"line":196,"column":17},"end":{"line":202,"column":4}},"line":196}},"f":{"0":0,"1":0,"2":0,"3":0,"4":0,"5":0,"6":0,"7":0,"8":0,"9":0,"10":0,"11":0}}
,"/home/runner/work/grepwise/grepwise/frontend/src/api/fieldConfiguration.ts": {"path":"/home/runner/work/grepwise/grepwise/frontend/src/api/fieldConfiguration.ts","all":false,"statementMap":{"0":{"start":{"line":1,"column":0},"end":{"line":1,"column":26}},"18":{"start":{"line":19,"column":0},"end":{"line":19,"column":38}},"22":{"start":{"line":23,"column":0},"end":{"line":23,"column":70}},"23":{"start":{"line":24,"column":0},"end":{"line":24,"column":81}},"24":{"start":{"line":25,"column":0},"end":{"line":25,"column":61}},"25":{"start":{"line":26,"column":0},"end":{"line":26,"column":4}},"30":{"start":{"line":31,"column":0},"end":{"line":31,"column":77}},"31":{"start":{"line":32,"column":0},"end":{"line":32,"column":89}},"32":{"start":{"line":33,"column":0},"end":{"line":33,"column":61}},"33":{"start":{"line":34,"column":0},"end":{"line":34,"column":4}},"38":{"start":{"line":39,"column":0},"end":{"line":39,"column":77}},"39":{"start":{"line":40,"column":0},"end":{"line":40,"column":87}},"40":{"start":{"line":41,"column":0},"end":{"line":41,"column":25}},"41":{"start":{"line":42,"column":0},"end":{"line":42,"column":4}},"46":{"start":{"line":47,"column":0},"end":{"line":47,"column":108}},"47":{"start":{"line":48,"column":0},"end":{"line":48,"column":102}},"48":{"start":{"line":49,"column":0},"end":{"line":49,"column":25}},"49":{"start":{"line":50,"column":0},"end":{"line":50,"column":4}},"54":{"start":{"line":55,"column":0},"end":{"line":55,"column":120}},"55":{"start":{"line":56,"column":0},"end":{"line":56,"column":107}},"56":{"start":{"line":57,"column":0},"end":{"line":57,"column":25}},"57":{"start":{"line":58,"column":0},"end":{"line":58,"column":4}},"62":{"start":{"line":63,"column":0},"end":{"line":63,"column":66}},"63":{"start":{"line":64,"column":0},"end":{"line":64,"column":73}},"64":{"start":{"line":65,"column":0},"end":{"line":65,"column":4}},"69":{"start":{"line":70,"column":0},"end":{"line":70,"column":116}},"70":{"start":{"line":71,"column":0},"end":{"line":71,"column":38}},"71":{"start":{"line":72,"column":0},"end":{"line":72,"column":103}},"72":{"start":{"line":73,"column":0},"end":{"line":73,"column":24}},"73":{"start":{"line":74,"column":0},"end":{"line":74,"column":6}},"74":{"start":{"line":75,"column":0},"end":{"line":75,"column":25}},"75":{"start":{"line":76,"column":0},"end":{"line":76,"column":4}},"76":{"start":{"line":77,"column":0},"end":{"line":77,"column":2}}},"s":{"0":1,"18":1,"22":1,"23":0,"24":0,"25":0,"30":1,"31":0,"32":0,"33":0,"38":1,"39":0,"40":0,"41":0,"46":1,"47":0,"48":0,"49":0,"54":1,"55":0,"56":0,"57":0,"62":1,"63":0,"64":0,"69":1,"70":0,"71":0,"72":0,"73":0,"74":0,"75":0,"76":1},"branchMap":{},"b":{},"fnMap":{"0":{"name":"getFieldConfigurations","decl":{"start":{"line":23,"column":26},"end":{"line":26,"column":4}},"loc":{"start":{"line":23,"column":26},"end":{"line":26,"column":4}},"line":23},"1":{"name":"getEnabledFieldConfigurations","decl":{"start":{"line":31,"column":33},"end":{"line":34,"column":4}},"loc":{"start":{"line":31,"column":33},"end":{"line":34,"column":4}},"line":31},"2":{"name":"getFieldConfiguration","decl":{"start":{"line":39,"column":25},"end":{"line":42,"column":4}},"loc":{"start":{"line":39,"column":25},"end":{"line":42,"column":4}},"line":39},"3":{"name":"createFieldConfiguration","decl":{"start":{"line":47,"column":28},"end":{"line":50,"column":4}},"loc":{"start":{"line":47,"column":28},"end":{"line":50,"column":4}},"line":47},"4":{"name":"updateFieldConfiguration","decl":{"start":{"line":55,"column":28},"end":{"line":58,"column":4}},"loc":{"start":{"line":55,"column":28},"end":{"line":58,"column":4}},"line":55},"5":{"name":"deleteFieldConfiguration","decl":{"start":{"line":63,"column":28},"end":{"line":65,"column":4}},"loc":{"start":{"line":63,"column":28},"end":{"line":65,"column":4}},"line":63},"6":{"name":"testFieldConfiguration","decl":{"start":{"line":70,"column":26},"end":{"line":76,"column":4}},"loc":{"start":{"line":70,"column":26},"end":{"line":76,"column":4}},"line":70}},"f":{"0":0,"1":0,"2":0,"3":0,"4":0,"5":0,"6":0}}
,"/home/runner/work/grepwise/grepwise/frontend/src/api/http.ts": {"path":"/home/runner/work/grepwise/grepwise/frontend/src/api/http.ts","all":false,"statementMap":{"13":{"start":{"line":14,"column":0},"end":{"line":14,"column":55}},"14":{"start":{"line":15,"column":0},"end":{"line":15,"column":7}},"15":{"start":{"line":16,"column":0},"end":{"line":16,"column":49}},"16":{"start":{"line":17,"column":0},"end":{"line":17,"column":54}},"17":{"start":{"line":18,"column":0},"end":{"line":18,"column":62}},"18":{"start":{"line":19,"column":0},"end":{"line":19,"column":11}},"19":{"start":{"line":20,"column":0},"end":{"line":20,"column":14}},"20":{"start":{"line":21,"column":0},"end":{"line":21,"column":3}},"21":{"start":{"line":22,"column":0},"end":{"line":22,"column":2}},"23":{"start":{"line":24,"column":0},"end":{"line":24,"column":71}},"24":{"start":{"line":25,"column":0},"end":{"line":25,"column":7}},"25":{"start":{"line":26,"column":0},"end":{"line":26,"column":46}},"26":{"start":{"line":27,"column":0},"end":{"line":27,"column":35}},"27":{"start":{"line":28,"column":0},"end":{"line":28,"column":38}},"28":{"start":{"line":29,"column":0},"end":{"line":29,"column":36}},"29":{"start":{"line":30,"column":0},"end":{"line":30,"column":62}},"30":{"start":{"line":31,"column":0},"end":{"line":31,"column":6}},"31":{"start":{"line":32,"column":0},"end":{"line":32,"column":64}},"32":{"start":{"line":33,"column":0},"end":{"line":33,"column":9}},"34":{"start":{"line":35,"column":0},"end":{"line":35,"column":63}},"35":{"start":{"line":36,"column":0},"end":{"line":36,"column":14}},"36":{"start":{"line":37,"column":0},"end":{"line":37,"column":11}},"38":{"start":{"line":39,"column":0},"end":{"line":39,"column":3}},"39":{"start":{"line":40,"column":0},"end":{"line":40,"column":2}},"41":{"start":{"line":42,"column":0},"end":{"line":42,"column":37}},"42":{"start":{"line":43,"column":0},"end":{"line":43,"column":7}},"43":{"start":{"line":44,"column":0},"end":{"line":44,"column":46}},"44":{"start":{"line":45,"column":0},"end":{"line":45,"column":45}},"45":{"start":{"line":46,"column":0},"end":{"line":46,"column":11}},"47":{"start":{"line":48,"column":0},"end":{"line":48,"column":3}},"48":{"start":{"line":49,"column":0},"end":{"line":49,"column":2}},"50":{"start":{"line":51,"column":0},"end":{"line":51,"column":52}},"51":{"start":{"line":52,"column":0},"end":{"line":52,"column":28}},"52":{"start":{"line":53,"column":0},"end":{"line":53,"column":47}},"53":{"start":{"line":54,"column":0},"end":{"line":54,"column":23}},"54":{"start":{"line":55,"column":0},"end":{"line":55,"column":2}},"56":{"start":{"line":57,"column":0},"end":{"line":57,"column":57}},"57":{"start":{"line":58,"column":0},"end":{"line":58,"column":33}},"58":{"start":{"line":59,"column":0},"end":{"line":59,"column":59}},"59":{"start":{"line":60,"column":0},"end":{"line":60,"column":2}},"62":{"start":{"line":63,"column":0},"end":{"line":63,"column":100}},"63":{"start":{"line":64,"column":0},"end":{"line":64,"column":33}},"64":{"start":{"line":65,"column":0},"end":{"line":65,"column":16}},"65":{"start":{"line":66,"column":0},"end":{"line":66,"column":16}},"66":{"start":{"line":67,"column":0},"end":{"line":67,"column":107}},"67":{"start":{"line":68,"column":0},"end":{"line":68,"column":67}},"68":{"start":{"line":69,"column":0},"end":{"line":69,"column":26}},"69":{"start":{"line":70,"column":0},"end":{"line":70,"column":5}},"70":{"start":{"line":71,"column":0},"end":{"line":71,"column":2}},"73":{"start":{"line":74,"column":0},"end":{"line":74,"column":44}},"74":{"start":{"line":75,"column":0},"end":{"line":75,"column":19}},"75":{"start":{"line":76,"column":0},"end":{"line":76,"column":7}},"77":{"start":{"line":78,"column":0},"end":{"line":78,"column":40}},"78":{"start":{"line":79,"column":0},"end":{"line":79,"column":63}},"79":{"start":{"line":80,"column":0},"end":{"line":80,"column":21}},"80":{"start":{"line":81,"column":0},"end":{"line":81,"column":34}},"81":{"start":{"line":82,"column":0},"end":{"line":82,"column":52}},"82":{"start":{"line":83,"column":0},"end":{"line":83,"column":43}},"83":{"start":{"line":84,"column":0},"end":{"line":84,"column":9}},"84":{"start":{"line":85,"column":0},"end":{"line":85,"column":7}},"85":{"start":{"line":86,"column":0},"end":{"line":86,"column":5}},"86":{"start":{"line":87,"column":0},"end":{"line":87,"column":11}},"88":{"start":{"line":89,"column":0},"end":{"line":89,"column":3}},"89":{"start":{"line":90,"column":0},"end":{"line":90,"column":2}}},"s":{"13":1,"14":12,"15":12,"16":12,"17":12,"18":12,"19":0,"20":0,"21":12,"23":1,"24":0,"25":0,"26":0,"27":0,"28":0,"29":0,"30":0,"31":0,"32":0,"34":0,"35":0,"36":0,"38":0,"39":0,"41":1,"42":0,"43":0,"44":0,"45":0,"47":0,"48":0,"50":1,"51":9,"52":9,"53":9,"54":9,"56":1,"57":0,"58":0,"59":0,"62":1,"63":0,"64":0,"65":0,"66":0,"67":0,"68":0,"69":0,"70":0,"73":1,"74":0,"75":0,"77":0,"78":0,"79":0,"80":0,"81":0,"82":0,"83":0,"84":0,"85":0,"86":0,"88":0,"89":0},"branchMap":{"0":{"type":"branch","line":14,"loc":{"start":{"line":14,"column":28},"end":{"line":22,"column":2}},"locations":[{"start":{"line":14,"column":28},"end":{"line":22,"column":2}}]},"1":{"type":"branch","line":16,"loc":{"start":{"line":16,"column":39},"end":{"line":16,"column":49}},"locations":[{"start":{"line":16,"column":39},"end":{"line":16,"column":49}}]},"2":{"type":"branch","line":18,"loc":{"start":{"line":18,"column":11},"end":{"line":18,"column":59}},"locations":[{"start":{"line":18,"column":11},"end":{"line":18,"column":59}}]},"3":{"type":"branch","line":19,"loc":{"start":{"line":19,"column":2},"end":{"line":21,"column":3}},"locations":[{"start":{"line":19,"column":2},"end":{"line":21,"column":3}}]},"4":{"type":"branch","line":51,"loc":{"start":{"line":51,"column":30},"end":{"line":55,"column":2}},"locations":[{"start":{"line":51,"column":30},"end":{"line":55,"column":2}}]},"5":{"type":"branch","line":53,"loc":{"start":{"line":53,"column":20},"end":{"line":53,"column":42}},"locations":[{"start":{"line":53,"column":20},"end":{"line":53,"column":42}}]}},"b":{"0":[12],"1":[0],"2":[0],"3":[0],"4":[9],"5":[0]},"fnMap":{"0":{"name":"getAuthState","decl":{"start":{"line":14,"column":28},"end":{"line":22,"column":2}},"loc":{"start":{"line":14,"column":28},"end":{"line":22,"column":2}},"line":14},"1":{"name":"setAuthState","decl":{"start":{"line":24,"column":28},"end":{"line":40,"column":2}},"loc":{"start":{"line":24,"column":28},"end":{"line":40,"column":2}},"line":24},"2":{"name":"clearAuthState","decl":{"start":{"line":42,"column":30},"end":{"line":49,"column":2}},"loc":{"start":{"line":42,"column":30},"end":{"line":49,"column":2}},"line":42},"3":{"name":"getAccessToken","decl":{"start":{"line":51,"column":30},"end":{"line":55,"column":2}},"loc":{"start":{"line":51,"column":30},"end":{"line":55,"column":2}},"line":51},"4":{"name":"authHeader","decl":{"start":{"line":57,"column":26},"end":{"line":60,"column":2}},"loc":{"start":{"line":57,"column":26},"end":{"line":60,"column":2}},"line":57},"5":{"name":"updateTokens","decl":{"start":{"line":63,"column":28},"end":{"line":71,"column":2}},"loc":{"start":{"line":63,"column":28},"end":{"line":71,"column":2}},"line":63},"6":{"name":"logout","decl":{"start":{"line":74,"column":22},"end":{"line":90,"column":2}},"loc":{"start":{"line":74,"column":22},"end":{"line":90,"column":2}},"line":74}},"f":{"0":12,"1":0,"2":0,"3":9,"4":0,"5":0,"6":0}}
,"/home/runner/work/grepwise/grepwise/frontend/src/api/ldapSettings.ts": {"path":"/home/runner/work/grepwise/grepwise/frontend/src/api/ldapSettings.ts","all":false,"statementMap":{"0":{"start":{"line":1,"column":0},"end":{"line":1,"column":3}},"29":{"start":{"line":30,"column":0},"end":{"line":30,"column":67}},"30":{"start":{"line":31,"column":0},"end":{"line":31,"column":7}},"31":{"start":{"line":32,"column":0},"end":{"line":32,"column":64}},"32":{"start":{"line":33,"column":0},"end":{"line":33,"column":20}},"33":{"start":{"line":34,"column":0},"end":{"line":34,"column":7}},"35":{"start":{"line":36,"column":0},"end":{"line":36,"column":23}},"36":{"start":{"line":37,"column":0},"end":{"line":37,"column":40}},"37":{"start":{"line":38,"column":0},"end":{"line":38,"column":11}},"38":{"start":{"line":39,"column":0},"end":{"line":39,"column":42}},"39":{"start":{"line":40,"column":0},"end":{"line":40,"column":39}},"40":{"start":{"line":41,"column":0},"end":{"line":41,"column":19}},"42":{"start":{"line":43,"column":0},"end":{"line":43,"column":7}},"43":{"start":{"line":44,"column":0},"end":{"line":44,"column":65}},"44":{"start":{"line":45,"column":0},"end":{"line":45,"column":5}},"46":{"start":{"line":47,"column":0},"end":{"line":47,"column":33}},"47":{"start":{"line":48,"column":0},"end":{"line":48,"column":19}},"48":{"start":{"line":49,"column":0},"end":{"line":49,"column":57}},"49":{"start":{"line":50,"column":0},"end":{"line":50,"column":16}},"50":{"start":{"line":51,"column":0},"end":{"line":51,"column":3}},"51":{"start":{"line":52,"column":0},"end":{"line":52,"column":2}},"59":{"start":{"line":60,"column":0},"end":{"line":60,"column":99}},"60":{"start":{"line":61,"column":0},"end":{"line":61,"column":7}},"61":{"start":{"line":62,"column":0},"end":{"line":62,"column":64}},"62":{"start":{"line":63,"column":0},"end":{"line":63,"column":20}},"64":{"start":{"line":65,"column":0},"end":{"line":65,"column":37}},"65":{"start":{"line":66,"column":0},"end":{"line":66,"column":7}},"67":{"start":{"line":68,"column":0},"end":{"line":68,"column":23}},"68":{"start":{"line":69,"column":0},"end":{"line":69,"column":40}},"69":{"start":{"line":70,"column":0},"end":{"line":70,"column":11}},"70":{"start":{"line":71,"column":0},"end":{"line":71,"column":42}},"71":{"start":{"line":72,"column":0},"end":{"line":72,"column":39}},"72":{"start":{"line":73,"column":0},"end":{"line":73,"column":20}},"73":{"start":{"line":74,"column":0},"end":{"line":74,"column":109}},"74":{"start":{"line":75,"column":0},"end":{"line":75,"column":5}},"76":{"start":{"line":77,"column":0},"end":{"line":77,"column":33}},"77":{"start":{"line":78,"column":0},"end":{"line":78,"column":19}},"78":{"start":{"line":79,"column":0},"end":{"line":79,"column":58}},"79":{"start":{"line":80,"column":0},"end":{"line":80,"column":16}},"80":{"start":{"line":81,"column":0},"end":{"line":81,"column":3}},"81":{"start":{"line":82,"column":0},"end":{"line":82,"column":2}},"88":{"start":{"line":89,"column":0},"end":{"line":89,"column":77}},"89":{"start":{"line":90,"column":0},"end":{"line":90,"column":7}},"90":{"start":{"line":91,"column":0},"end":{"line":91,"column":69}},"91":{"start":{"line":92,"column":0},"end":{"line":92,"column":21}},"92":{"start":{"line":93,"column":0},"end":{"line":93,"column":7}},"94":{"start":{"line":95,"column":0},"end":{"line":95,"column":23}},"95":{"start":{"line":96,"column":0},"end":{"line":96,"column":40}},"96":{"start":{"line":97,"column":0},"end":{"line":97,"column":11}},"97":{"start":{"line":98,"column":0},"end":{"line":98,"column":42}},"98":{"start":{"line":99,"column":0},"end":{"line":99,"column":39}},"99":{"start":{"line":100,"column":0},"end":{"line":100,"column":20}},"100":{"start":{"line":101,"column":0},"end":{"line":101,"column":109}},"101":{"start":{"line":102,"column":0},"end":{"line":102,"column":5}},"103":{"start":{"line":104,"column":0},"end":{"line":104,"column":33}},"104":{"start":{"line":105,"column":0},"end":{"line":105,"column":19}},"105":{"start":{"line":106,"column":0},"end":{"line":106,"column":59}},"106":{"start":{"line":107,"column":0},"end":{"line":107,"column":16}},"107":{"start":{"line":108,"column":0},"end":{"line":108,"column":3}},"108":{"start":{"line":109,"column":0},"end":{"line":109,"column":2}},"113":{"start":{"line":114,"column":0},"end":{"line":114,"column":32}},"114":{"start":{"line":115,"column":0},"end":{"line":115,"column":18}},"115":{"start":{"line":116,"column":0},"end":{"line":116,"column":21}},"116":{"start":{"line":117,"column":0},"end":{"line":117,"column":21}},"117":{"start":{"line":118,"column":0},"end":{"line":118,"column":2}},"119":{"start":{"line":120,"column":0},"end":{"line":120,"column":31}}},"s":{"0":1,"29":1,"30":0,"31":0,"32":0,"33":0,"35":0,"36":0,"37":0,"38":0,"39":0,"40":0,"42":0,"43":0,"44":0,"46":0,"47":0,"48":0,"49":0,"50":0,"51":0,"59":1,"60":0,"61":0,"62":0,"64":0,"65":0,"67":0,"68":0,"69":0,"70":0,"71":0,"72":0,"73":0,"74":0,"76":0,"77":0,"78":0,"79":0,"80":0,"81":0,"88":1,"89":0,"90":0,"91":0,"92":0,"94":0,"95":0,"96":0,"97":0,"98":0,"99":0,"100":0,"101":0,"103":0,"104":0,"105":0,"106":0,"107":0,"108":0,"113":1,"114":1,"115":1,"116":1,"117":1,"119":1},"branchMap":{},"b":{},"fnMap":{"0":{"name":"getLdapSettings","decl":{"start":{"line":30,"column":31},"end":{"line":52,"column":2}},"loc":{"start":{"line":30,"column":31},"end":{"line":52,"column":2}},"line":30},"1":{"name":"updateLdapSettings","decl":{"start":{"line":60,"column":34},"end":{"line":82,"column":2}},"loc":{"start":{"line":60,"column":34},"end":{"line":82,"column":2}},"line":60},"2":{"name":"testLdapConnection",
[...]
end":{"line":137,"column":42}},"137":{"start":{"line":138,"column":0},"end":{"line":138,"column":13}},"138":{"start":{"line":139,"column":0},"end":{"line":139,"column":5}},"140":{"start":{"line":141,"column":0},"end":{"line":141,"column":19}},"141":{"start":{"line":142,"column":0},"end":{"line":142,"column":102}},"142":{"start":{"line":143,"column":0},"end":{"line":143,"column":12}},"143":{"start":{"line":144,"column":0},"end":{"line":144,"column":44}},"144":{"start":{"line":145,"column":0},"end":{"line":145,"column":5}},"145":{"start":{"line":146,"column":0},"end":{"line":146,"column":3}},"150":{"start":{"line":151,"column":0},"end":{"line":151,"column":17}},"151":{"start":{"line":152,"column":0},"end":{"line":152,"column":32}},"152":{"start":{"line":153,"column":0},"end":{"line":153,"column":42}},"153":{"start":{"line":154,"column":0},"end":{"line":154,"column":35}},"154":{"start":{"line":155,"column":0},"end":{"line":155,"column":5}},"156":{"start":{"line":157,"column":0},"end":{"line":157,"column":27}},"157":{"start":{"line":158,"column":0},"end":{"line":158,"column":31}},"158":{"start":{"line":159,"column":0},"end":{"line":159,"column":30}},"159":{"start":{"line":160,"column":0},"end":{"line":160,"column":5}},"161":{"start":{"line":162,"column":0},"end":{"line":162,"column":30}},"162":{"start":{"line":163,"column":0},"end":{"line":163,"column":24}},"163":{"start":{"line":164,"column":0},"end":{"line":164,"column":3}},"169":{"start":{"line":170,"column":0},"end":{"line":170,"column":59}},"170":{"start":{"line":171,"column":0},"end":{"line":171,"column":34}},"172":{"start":{"line":173,"column":0},"end":{"line":173,"column":75}},"173":{"start":{"line":174,"column":0},"end":{"line":174,"column":11}},"174":{"start":{"line":175,"column":0},"end":{"line":175,"column":44}},"175":{"start":{"line":176,"column":0},"end":{"line":176,"column":44}},"176":{"start":{"line":177,"column":0},"end":{"line":177,"column":23}},"177":{"start":{"line":178,"column":0},"end":{"line":178,"column":70}},"178":{"start":{"line":179,"column":0},"end":{"line":179,"column":50}},"179":{"start":{"line":180,"column":0},"end":{"line":180,"column":7}},"180":{"start":{"line":181,"column":0},"end":{"line":181,"column":7}},"181":{"start":{"line":182,"column":0},"end":{"line":182,"column":3}},"188":{"start":{"line":189,"column":0},"end":{"line":189,"column":61}},"189":{"start":{"line":190,"column":0},"end":{"line":190,"column":53}},"190":{"start":{"line":191,"column":0},"end":{"line":191,"column":20}},"191":{"start":{"line":192,"column":0},"end":{"line":192,"column":39}},"192":{"start":{"line":193,"column":0},"end":{"line":193,"column":13}},"193":{"start":{"line":194,"column":0},"end":{"line":194,"column":25}},"194":{"start":{"line":195,"column":0},"end":{"line":195,"column":25}},"195":{"start":{"line":196,"column":0},"end":{"line":196,"column":70}},"196":{"start":{"line":197,"column":0},"end":{"line":197,"column":9}},"197":{"start":{"line":198,"column":0},"end":{"line":198,"column":9}},"198":{"start":{"line":199,"column":0},"end":{"line":199,"column":5}},"199":{"start":{"line":200,"column":0},"end":{"line":200,"column":3}},"205":{"start":{"line":206,"column":0},"end":{"line":206,"column":43}},"206":{"start":{"line":207,"column":0},"end":{"line":207,"column":31}},"207":{"start":{"line":208,"column":0},"end":{"line":208,"column":34}},"208":{"start":{"line":209,"column":0},"end":{"line":209,"column":5}},"211":{"start":{"line":212,"column":0},"end":{"line":212,"column":27}},"212":{"start":{"line":213,"column":0},"end":{"line":213,"column":31}},"213":{"start":{"line":214,"column":0},"end":{"line":214,"column":30}},"214":{"start":{"line":215,"column":0},"end":{"line":215,"column":5}},"216":{"start":{"line":217,"column":0},"end":{"line":217,"column":29}},"217":{"start":{"line":218,"column":0},"end":{"line":218,"column":3}},"222":{"start":{"line":223,"column":0},"end":{"line":223,"column":37}},"223":{"start":{"line":224,"column":0},"end":{"line":224,"column":32}},"224":{"start":{"line":225,"column":0},"end":{"line":225,"column":42}},"225":{"start":{"line":226,"column":0},"end":{"line":226,"column":5}},"227":{"start":{"line":228,"column":0},"end":{"line":228,"column":22}},"231":{"start":{"line":232,"column":0},"end":{"line":232,"column":55}},"233":{"start":{"line":234,"column":0},"end":{"line":234,"column":44}},"234":{"start":{"line":235,"column":0},"end":{"line":235,"column":94}},"236":{"start":{"line":237,"column":0},"end":{"line":237,"column":13}},"237":{"start":{"line":238,"column":0},"end":{"line":238,"column":5}},"239":{"start":{"line":240,"column":0},"end":{"line":240,"column":49}},"240":{"start":{"line":241,"column":0},"end":{"line":241,"column":86}},"242":{"start":{"line":243,"column":0},"end":{"line":243,"column":46}},"243":{"start":{"line":244,"column":0},"end":{"line":244,"column":78}},"244":{"start":{"line":245,"column":0},"end":{"line":245,"column":21}},"245":{"start":{"line":246,"column":0},"end":{"line":246,"column":15}},"246":{"start":{"line":247,"column":0},"end":{"line":247,"column":3}},"247":{"start":{"line":248,"column":0},"end":{"line":248,"column":1}},"250":{"start":{"line":251,"column":0},"end":{"line":251,"column":45}},"258":{"start":{"line":259,"column":0},"end":{"line":259,"column":105}},"259":{"start":{"line":260,"column":0},"end":{"line":260,"column":24}},"260":{"start":{"line":261,"column":0},"end":{"line":261,"column":28}},"261":{"start":{"line":262,"column":0},"end":{"line":262,"column":3}},"264":{"start":{"line":265,"column":0},"end":{"line":265,"column":41}},"265":{"start":{"line":266,"column":0},"end":{"line":266,"column":39}},"267":{"start":{"line":268,"column":0},"end":{"line":268,"column":43}},"268":{"start":{"line":269,"column":0},"end":{"line":269,"column":71}},"269":{"start":{"line":270,"column":0},"end":{"line":270,"column":55}},"271":{"start":{"line":272,"column":0},"end":{"line":272,"column":40}},"272":{"start":{"line":273,"column":0},"end":{"line":273,"column":20}},"273":{"start":{"line":274,"column":0},"end":{"line":274,"column":29}},"274":{"start":{"line":275,"column":0},"end":{"line":275,"column":3}},"276":{"start":{"line":277,"column":0},"end":{"line":277,"column":40}},"277":{"start":{"line":278,"column":0},"end":{"line":278,"column":71}},"278":{"start":{"line":279,"column":0},"end":{"line":279,"column":70}},"279":{"start":{"line":280,"column":0},"end":{"line":280,"column":24}},"280":{"start":{"line":281,"column":0},"end":{"line":281,"column":19}},"281":{"start":{"line":282,"column":0},"end":{"line":282,"column":5}},"283":{"start":{"line":284,"column":0},"end":{"line":284,"column":25}},"284":{"start":{"line":285,"column":0},"end":{"line":285,"column":2}},"287":{"start":{"line":288,"column":0},"end":{"line":288,"column":56}},"294":{"start":{"line":295,"column":0},"end":{"line":295,"column":92}},"295":{"start":{"line":296,"column":0},"end":{"line":296,"column":49}},"297":{"start":{"line":298,"column":0},"end":{"line":298,"column":39}},"298":{"start":{"line":299,"column":0},"end":{"line":299,"column":42}},"299":{"start":{"line":300,"column":0},"end":{"line":300,"column":3}},"301":{"start":{"line":302,"column":0},"end":{"line":302,"column":105}},"303":{"start":{"line":304,"column":0},"end":{"line":304,"column":37}},"304":{"start":{"line":305,"column":0},"end":{"line":305,"column":97}},"305":{"start":{"line":306,"column":0},"end":{"line":306,"column":96}},"306":{"start":{"line":307,"column":0},"end":{"line":307,"column":24}},"307":{"start":{"line":308,"column":0},"end":{"line":308,"column":19}},"308":{"start":{"line":309,"column":0},"end":{"line":309,"column":5}},"310":{"start":{"line":311,"column":0},"end":{"line":311,"column":42}},"311":{"start":{"line":312,"column":0},"end":{"line":312,"column":16}},"312":{"start":{"line":313,"column":0},"end":{"line":313,"column":2}},"317":{"start":{"line":318,"column":0},"end":{"line":318,"column":54}},"318":{"start":{"line":319,"column":0},"end":{"line":319,"column":73}},"319":{"start":{"line":320,"column":0},"end":{"line":320,"column":27}},"320":{"start":{"line":321,"column":0},"end":{"line":321,"column":2}},"322":{"start":{"line":323,"column":0},"end":{"line":323,"column":25}}},"s":{"0":1,"22":9,"23":9,"24":9,"25":9,"26":9,"27":9,"28":9,"29":9,"36":9,"38":9,"39":9,"40":9,"41":9,"42":9,"43":9,"44":9,"45":0,"46":0,"47":0,"48":0,"49":9,"50":9,"51":9,"52":9,"53":9,"54":9,"55":9,"60":9,"61":4,"62":0,"63":0,"65":4,"67":4,"68":4,"69":4,"70":4,"73":4,"74":0,"75":0,"76":0,"77":0,"78":0,"79":0,"80":0,"83":4,"84":1,"85":1,"86":1,"89":4,"90":0,"91":0,"92":0,"93":0,"94":0,"95":0,"96":0,"97":0,"100":4,"101":1,"102":1,"103":1,"104":4,"105":4,"106":0,"107":0,"108":0,"109":0,"110":4,"117":9,"118":1,"119":1,"122":1,"123":0,"124":0,"125":1,"127":1,"128":1,"135":9,"136":0,"137":0,"138":0,"140":0,"141":0,"142":0,"143":0,"144":0,"145":0,"150":9,"151":7,"152":1,"153":1,"154":1,"156":7,"157":3,"158":3,"159":3,"161":7,"162":7,"163":7,"169":9,"170":1,"172":1,"173":1,"174":1,"175":1,"176":1,"177":0,"178":0,"179":0,"180":1,"181":1,"188":9,"189":1,"190":1,"191":1,"192":1,"193":1,"194":1,"195":0,"196":0,"197":1,"198":1,"199":1,"205":9,"206":1,"207":1,"208":1,"211":1,"212":1,"213":1,"214":1,"216":1,"217":1,"222":9,"223":1,"224":0,"225":0,"227":1,"231":1,"233":1,"234":0,"236":0,"237":0,"239":1,"240":1,"242":1,"243":0,"244":0,"245":1,"246":1,"247":9,"250":1,"258":1,"259":2,"260":1,"261":1,"264":2,"265":2,"267":2,"268":2,"269":2,"271":2,"272":2,"273":1,"274":1,"276":2,"277":2,"278":2,"279":2,"280":2,"281":2,"283":2,"284":2,"287":1,"294":1,"295":1,"297":1,"298":0,"299":0,"301":1,"303":1,"304":1,"305":1,"306":1,"307":1,"308":1,"310":1,"311":1,"312":1,"317":1,"318":0,"319":0,"320":0,"322":1},"branchMap":{"0":{"type":"branch","line":23,"loc":{"start":{"line":23,"column":0},"end":{"line":248,"column":1}},"locations":[{"start":{"line":23,"column":0},"end":{"line":248,"column":1}}]},"1":{"type":"branch","line":37,"loc":{"start":{"line":37,"column":2},"end":{"line":56,"column":3}},"locations":[{"start":{"line":37,"column":2},"end":{"line":56,"column":3}}]},"2":{"type":"branch","line":43,"loc":{"start":{"line":43,"column":17},"end":{"line":43,"column":59}},"locations":[{"start":{"line":43,"column":17},"end":{"line":43,"column":59}}]},"3":{"type":"branch","line":45,"loc":{"start":{"line":45,"column":4},"end":{"line":49,"column":5}},"locations":[{"start":{"line":45,"column":4},"end":{"line":49,"column":5}}]},"4":{"type":"branch","line":61,"loc":{"start":{"line":61,"column":2},"end":{"line":111,"column":3}},"locations":[{"start":{"line":61,"column":2},"end":{"line":111,"column":3}}]},"5":{"type":"branch","line":62,"loc":{"start":{"line":62,"column":47},"end":{"line":64,"column":5}},"locations":[{"start":{"line":62,"column":47},"end":{"line":64,"column":5}}]},"6":{"type":"branch","line":106,"loc":{"start":{"line":106,"column":4},"end":{"line":110,"column":5}},"locations":[{"start":{"line":106,"column":4},"end":{"line":110,"column":5}}]},"7":{"type":"branch","line":84,"loc":{"start":{"line":84,"column":33},"end":{"line":87,"column":8}},"locations":[{"start":{"line":84,"column":33},"end":{"line":87,"column":8}}]},"8":{"type":"branch","line":101,"loc":{"start":{"line":101,"column":47},"end":{"line":105,"column":7}},"locations":[{"start":{"line":101,"column":47},"end":{"line":105,"column":7}}]},"9":{"type":"branch","line":118,"loc":{"start":{"line":118,"column":2},"end":{"line":129,"column":3}},"locations":[{"start":{"line":118,"column":2},"end":{"line":129,"column":3}}]},"10":{"type":"branch","line":123,"loc":{"start":{"line":123,"column":15},"end":{"line":123,"column":55}},"locations":[{"start":{"line":123,"column":15},"end":{"line":123,"column":55}}]},"11":{"type":"branch","line":123,"loc":{"start":{"line":123,"column":55},"end":{"line":125,"column":7}},"locations":[{"start":{"line":123,"column":55},"end":{"line":125,"column":7}}]},"12":{"type":"branch","line":151,"loc":{"start":{"line":151,"column":2},"end":{"line":164,"column":3}},"locations":[{"start":{"line":151,"column":2},"end":{"line":164,"column":3}}]},"13":{"type":"branch","line":152,"loc":{"start":{"line":152,"column":31},"end":{"line":155,"column":5}},"locations":[{"start":{"line":152,"column":31},"end":{"line":155,"column":5}}]},"14":{"type":"branch","line":157,"loc":{"start":{"line":157,"column":26},"end":{"line":160,"column":5}},"locations":[{"start":{"line":157,"column":26},"end":{"line":160,"column":5}}]},"15":{"type":"branch","line":170,"loc":{"start":{"line":170,"column":10},"end":{"line":182,"column":3}},"locations":[{"start":{"line":170,"column":10},"end":{"line":182,"column":3}}]},"16":{"type":"branch","line":171,"loc":{"start":{"line":171,"column":27},"end":{"line":171,"column":34}},"locations":[{"start":{"line":171,"column":27},"end":{"line":171,"column":34}}]},"17":{"type":"branch","line":173,"loc":{"start":{"line":173,"column":49},"end":{"line":181,"column":5}},"locations":[{"start":{"line":173,"column":49},"end":{"line":181,"column":5}}]},"18":{"type":"branch","line":177,"loc":{"start":{"line":177,"column":6},"end":{"line":180,"column":7}},"locations":[{"start":{"line":177,"column":6},"end":{"line":180,"column":7}}]},"19":{"type":"branch","line":189,"loc":{"start":{"line":189,"column":10},"end":{"line":200,"column":3}},"locations":[{"start":{"line":189,"column":10},"end":{"line":200,"column":3}}]},"20":{"type":"branch","line":192,"loc":{"start":{"line":192,"column":24},"end":{"line":198,"column":7}},"locations":[{"start":{"line":192,"column":24},"end":{"line":198,"column":7}}]},"21":{"type":"branch","line":195,"loc":{"start":{"line":195,"column":8},"end":{"line":197,"column":9}},"locations":[{"start":{"line":195,"column":8},"end":{"line":197,"column":9}}]},"22":{"type":"branch","line":206,"loc":{"start":{"line":206,"column":10},"end":{"line":218,"column":3}},"locations":[{"start":{"line":206,"column":10},"end":{"line":218,"column":3}}]},"23":{"type":"branch","line":223,"loc":{"start":{"line":223,"column":10},"end":{"line":247,"column":3}},"locations":[{"start":{"line":223,"column":10},"end":{"line":247,"column":3}}]},"24":{"type":"branch","line":224,"loc":{"start":{"line":224,"column":31},"end":{"line":226,"column":5}},"locations":[{"start":{"line":224,"column":31},"end":{"line":226,"column":5}}]},"25":{"type":"branch","line":234,"loc":{"start":{"line":234,"column":43},"end":{"line":238,"column":5}},"locations":[{"start":{"line":234,"column":43},"end":{"line":238,"column":5}}]},"26":{"type":"branch","line":259,"loc":{"start":{"line":259,"column":34},"end":{"line":285,"column":2}},"locations":[{"start":{"line":259,"column":34},"end":{"line":285,"column":2}}]},"27":{"type":"branch","line":260,"loc":{"start":{"line":260,"column":23},"end":{"line":262,"column":3}},"locations":[{"start":{"line":260,"column":23},"end":{"line":262,"column":3}}]},"28":{"type":"branch","line":268,"loc":{"start":{"line":268,"column":13},"end":{"line":268,"column":43}},"locations":[{"start":{"line":268,"column":13},"end":{"line":268,"column":43}}]},"29":{"type":"branch","line":269,"loc":{"start":{"line":269,"column":29},"end":{"line":269,"column":71}},"locations":[{"start":{"line":269,"column":29},"end":{"line":269,"column":71}}]},"30":{"type":"branch","line":270,"loc":{"start":{"line":270,"column":17},"end":{"line":270,"column":55}},"locations":[{"start":{"line":270,"column":17},"end":{"line":270,"column":55}}]},"31":{"type":"branch","line":273,"loc":{"start":{"line":273,"column":19},"end":{"line":275,"column":3}},"locations":[{"start":{"line":273,"column":19},"end":{"line":275,"column":3}}]},"32":{"type":"branch","line":295,"loc":{"start":{"line":295,"column":37},"end":{"line":313,"column":2}},"locations":[{"start":{"line":295,"column":37},"end":{"line":313,"column":2}}]},"33":{"type":"branch","line":298,"loc":{"start":{"line":298,"column":38},"end":{"line":300,"column":3}},"locations":[{"start":{"line":298,"column":38},"end":{"line":300,"column":3}}]}},"b":{"0":[9],"1":[9],"2":[0],"3":[0],"4":[4],"5":[0],"6":[0],"7":[1],"8":[1],"9":[1],"10":[0],"11":[0],"12":[7],"13":[1],"14":[3],"15":[1],"16":[0],"17":[1],"18":[0],"19":[1],"20":[1],"21":[0],"22":[1],"23":[1],"24":[0],"25":[0],"26":[2],"27":[1],"28":[1],"29":[1],"30":[1],"31":[1],"32":[1],"33":[0]},"fnMap":{"0":{"name":"<instance_members_initializer>","decl":{"start":{"line":23,"column":0},"end":{"line":248,"column":1}},"loc":{"start":{"line":23,"column":0},"end":{"line":248,"column":1}},"line":23},"1":{"name":"SSEClient","decl":{"start":{"line":37,"column":2},"end":{"line":56,"column":3}},"loc":{"start":{"line":37,"column":2},"end":{"line":56,"column":3}},"line":37},"2":{"name":"connect","decl":{"start":{"line":61,"column":2},"end":{"line":111,"column":3}},"loc":{"start":{"line":61,"column":2},"end":{"line":111,"column":3}},"line":61},"3":{"name":"eventSource.onopen","decl":{"start":{"line":74,"column":32},"end":{"line":81,"column":8}},"loc":{"start":{"line":74,"column":32},"end":{"line":81,"column":8}},"line":74},"4":{"name":"eventSource.onerror","decl":{"start":{"line":84,"column":33},"end":{"line":87,"column":8}},"loc":{"start":{"line":84,"column":33},"end":{"line":87,"column":8}},"line":84},"5":{"name":"eventSource.onmessage","decl":{"start":{"line":90,"column":35},"end":{"line":98,"column":8}},"loc":{"start":{"line":90,"column":35},"end":{"line":98,"column":8}},"line":90},"6":{"name":"on","decl":{"start":{"line":118,"column":2},"end":{"line":129,"column":3}},"loc":{"start":{"line":118,"column":2},"end":{"line":129,"column":3}},"line":118},"7":{"name":"off","decl":{"start":{"line":136,"column":2},"end":{"line":146,"column":3}},"loc":{"start":{"line":136,"column":2},"end":{"line":146,"column":3}},"line":136},"8":{"name":"close","decl":{"start":{"line":151,"column":2},"end":{"line":164,"column":3}},"loc":{"start":{"line":151,"column":2},"end":{"line":164,"column":3}},"line":151},"9":{"name":"addEventSourceListener","decl":{"start":{"line":170,"column":10},"end":{"line":182,"column":3}},"loc":{"start":{"line":170,"column":10},"end":{"line":182,"column":3}},"line":170},"10":{"name":"dispatchEvent","decl":{"start":{"line":189,"column":10},"end":{"line":200,"column":3}},"loc":{"start":{"line":189,"column":10},"end":{"line":200,"column":3}},"line":189},"11":{"name":"handleError","decl":{"start":{"line":206,"column":10},"end":{"line":218,"column":3}},"loc":{"start":{"line":206,"column":10},"end":{"line":218,"column":3}},"line":206},"12":{"name":"scheduleReconnect","decl":{"start":{"line":223,"column":10},"end":{"line":247,"column":3}},"loc":{"start":{"line":223,"column":10},"end":{"line":247,"column":3}},"line":223},"13":{"name":"getLogUpdateClient","decl":{"start":{"line":259,"column":34},"end":{"line":285,"column":2}},"loc":{"start":{"line":259,"column":34},"end":{"line":285,"column":2}},"line":259},"14":{"name":"onOpen","decl":{"start":{"line":278,"column":12},"end":{"line":278,"column":71}},"loc":{"start":{"line":278,"column":12},"end":{"line":278,"column":71}},"line":278},"15":{"name":"onError","decl":{"start":{"line":279,"column":13},"end":{"line":279,"column":70}},"loc":{"start":{"line":279,"column":13},"end":{"line":279,"column":70}},"line":279},"16":{"name":"getWidgetUpdateClient","decl":{"start":{"line":295,"column":37},"end":{"line":313,"column":2}},"loc":{"start":{"line":295,"column":37},"end":{"line":313,"column":2}},"line":295},"17":{"name":"onOpen","decl":{"start":{"line":305,"column":12},"end":{"line":305,"column":97}},"loc":{"start":{"line":305,"column":12},"end":{"line":305,"column":97}},"line":305},"18":{"name":"onError","decl":{"start":{"line":306,"column":13},"end":{"line":306,"column":96}},"loc":{"start":{"line":306,"column":13},"end":{"line":306,"column":96}},"line":306},"19":{"name":"closeAllWidgetConnections","decl":{"start":{"line":318,"column":41},"end":{"line":321,"column":2}},"loc":{"start":{"line":318,"column":41},"end":{"line":321,"column":2}},"line":318}},"f":{"0":9,"1":9,"2":4,"3":0,"4":1,"5":0,"6":1,"7":0,"8":7,"9":1,"10":1,"11":1,"12":1,"13":2,"14":0,"15":0,"16":1,"17":0,"18":0,"19":0}}
}
